info: Microsoft.AspNetCore.DataProtection.KeyManagement.XmlKeyManager[63]
      User profile is available. Using 'C:\Users\AnuAbarnaBalakrishna\AppData\Local\ASP.NET\DataProtection-Keys' as key repository and Windows DPAPI to encrypt keys at rest.
Hosting environment: Development
Content root path: D:\SprintTask(Adhoc)\330799(adhoc-poc-widget)\EmbededShell\EmbeddedbiShell
Now listening on: http://localhost:56325/
Now listening on: https://localhost:44390/
Application started. Press Ctrl+C to shut down.
info: Microsoft.AspNetCore.Hosting.Diagnostics[1]
      Request starting HTTP/2 GET https://localhost:44390/ - -
info: Microsoft.AspNetCore.Mvc.Infrastructure.ControllerActionInvoker[3]
      Route matched with {action = "Index", controller = "Home"}. Executing controller action with signature Microsoft.AspNetCore.Mvc.IActionResult Index(System.String, System.String, Int32, System.String, Boolean, System.String) on controller SampleCoreApp.Controllers.HomeController (SampleCoreApp).
info: Microsoft.AspNetCore.Mvc.ViewFeatures.ViewResultExecutor[1]
      Executing ViewResult, running view Index.
info: Microsoft.AspNetCore.Mvc.ViewFeatures.ViewResultExecutor[4]
      Executed ViewResult - view Index executed in 21900.5513ms.
info: Microsoft.AspNetCore.Mvc.Infrastructure.ControllerActionInvoker[2]
      Executed action SampleCoreApp.Controllers.HomeController.Index (SampleCoreApp) in 34228.2048ms
info: Microsoft.AspNetCore.Hosting.Diagnostics[1]
      Request starting HTTP/2 GET https://localhost:44390/css/themes/all.css - -
info: Microsoft.AspNetCore.Hosting.Diagnostics[1]
      Request starting HTTP/2 GET https://localhost:44390/css/site.css - -
info: Microsoft.AspNetCore.Hosting.Diagnostics[1]
      Request starting HTTP/2 GET https://localhost:44390/css/themes/adminlte.css - -
info: Microsoft.AspNetCore.Hosting.Diagnostics[1]
      Request starting HTTP/2 GET https://localhost:44390/css/bootstrapcompatibility.min.css - -
info: Microsoft.AspNetCore.Hosting.Diagnostics[1]
      Request starting HTTP/2 GET https://localhost:44390/css/themes/daterangepicker.css - -
info: Microsoft.AspNetCore.Hosting.Diagnostics[1]
      Request starting HTTP/2 GET https://localhost:44390/js/jquery/jquery.min.js - -
info: Microsoft.AspNetCore.Hosting.Diagnostics[1]
      Request starting HTTP/2 GET https://localhost:44390/css/themes/summernote-bs4.css - -
info: Microsoft.AspNetCore.Hosting.Diagnostics[1]
      Request starting HTTP/2 GET https://localhost:44390/css/themes/tempusdominus-bootstrap-4.css - -
info: Microsoft.AspNetCore.Hosting.Diagnostics[1]
      Request starting HTTP/2 GET https://localhost:44390/css/themes/jqvmap.css - -
info: Microsoft.AspNetCore.StaticFiles.StaticFileMiddleware[6]
      The file /css/bootstrapcompatibility.min.css was not modified
info: Microsoft.AspNetCore.StaticFiles.StaticFileMiddleware[6]
      The file /css/themes/summernote-bs4.css was not modified
info: Microsoft.AspNetCore.StaticFiles.StaticFileMiddleware[6]
      The file /css/themes/all.css was not modified
info: Microsoft.AspNetCore.StaticFiles.StaticFileMiddleware[6]
      The file /css/themes/tempusdominus-bootstrap-4.css was not modified
info: Microsoft.AspNetCore.StaticFiles.StaticFileMiddleware[6]
      The file /css/themes/adminlte.css was not modified
info: Microsoft.AspNetCore.StaticFiles.StaticFileMiddleware[6]
      The file /js/jquery/jquery.min.js was not modified
info: Microsoft.AspNetCore.StaticFiles.StaticFileMiddleware[6]
      The file /css/themes/daterangepicker.css was not modified
info: Microsoft.AspNetCore.StaticFiles.StaticFileMiddleware[6]
      The file /css/themes/jqvmap.css was not modified
info: Microsoft.AspNetCore.StaticFiles.StaticFileMiddleware[6]
      The file /css/site.css was not modified
info: Microsoft.AspNetCore.Hosting.Diagnostics[2]
      Request finished HTTP/2 GET https://localhost:44390/css/themes/all.css - - - 304 - text/css 106.1010ms
info: Microsoft.AspNetCore.Hosting.Diagnostics[2]
      Request finished HTTP/2 GET https://localhost:44390/css/themes/daterangepicker.css - - - 304 - text/css 59.1848ms
info: Microsoft.AspNetCore.Hosting.Diagnostics[2]
      Request finished HTTP/2 GET https://localhost:44390/css/themes/adminlte.css - - - 304 - text/css 101.6633ms
info: Microsoft.AspNetCore.Hosting.Diagnostics[2]
      Request finished HTTP/2 GET https://localhost:44390/css/themes/tempusdominus-bootstrap-4.css - - - 304 - text/css 46.8275ms
info: Microsoft.AspNetCore.Hosting.Diagnostics[2]
      Request finished HTTP/2 GET https://localhost:44390/css/themes/summernote-bs4.css - - - 304 - text/css 53.6252ms
info: Microsoft.AspNetCore.Hosting.Diagnostics[2]
      Request finished HTTP/2 GET https://localhost:44390/css/site.css - - - 304 - text/css 106.1010ms
info: Microsoft.AspNetCore.Hosting.Diagnostics[2]
      Request finished HTTP/2 GET https://localhost:44390/css/themes/jqvmap.css - - - 304 - text/css 43.7396ms
info: Microsoft.AspNetCore.Hosting.Diagnostics[2]
      Request finished HTTP/2 GET https://localhost:44390/js/jquery/jquery.min.js - - - 304 - application/javascript 59.1647ms
info: Microsoft.AspNetCore.Hosting.Diagnostics[2]
      Request finished HTTP/2 GET https://localhost:44390/css/bootstrapcompatibility.min.css - - - 304 - text/css 87.3785ms
info: Microsoft.AspNetCore.Hosting.Diagnostics[1]
      Request starting HTTP/2 GET https://localhost:44390/css/themes/icheck-bootstrap.css - -
info: Microsoft.AspNetCore.Hosting.Diagnostics[1]
      Request starting HTTP/2 GET https://localhost:44390/css/themes/OverlayScrollbars.css - -
info: Microsoft.AspNetCore.StaticFiles.StaticFileMiddleware[6]
      The file /css/themes/icheck-bootstrap.css was not modified
info: Microsoft.AspNetCore.StaticFiles.StaticFileMiddleware[6]
      The file /css/themes/OverlayScrollbars.css was not modified
info: Microsoft.AspNetCore.Hosting.Diagnostics[2]
      Request finished HTTP/2 GET https://localhost:44390/css/themes/icheck-bootstrap.css - - - 304 - text/css 11.1863ms
info: Microsoft.AspNetCore.Hosting.Diagnostics[2]
      Request finished HTTP/2 GET https://localhost:44390/css/themes/OverlayScrollbars.css - - - 304 - text/css 14.6562ms
info: Microsoft.AspNetCore.Hosting.Diagnostics[2]
      Request finished HTTP/2 GET https://localhost:44390/ - - - 200 - text/html;+charset=utf-8 34626.5577ms
info: Microsoft.AspNetCore.Hosting.Diagnostics[1]
      Request starting HTTP/2 GET https://localhost:44390/js/jquery/Jsrender.js - -
info: Microsoft.AspNetCore.Hosting.Diagnostics[1]
      Request starting HTTP/2 GET https://localhost:44390/js/jquery/jquery.easing.min.js - -
info: Microsoft.AspNetCore.Hosting.Diagnostics[1]
      Request starting HTTP/2 GET https://localhost:44390/js/jquery/signalr.js - -
info: Microsoft.AspNetCore.Hosting.Diagnostics[1]
      Request starting HTTP/2 GET https://localhost:44390/js/jquery-ui/jquery-ui.js - -
info: Microsoft.AspNetCore.Hosting.Diagnostics[1]
      Request starting HTTP/2 GET https://localhost:44390/js/bootstrap/bootstrap.bundle.js - -
info: Microsoft.AspNetCore.Hosting.Diagnostics[1]
      Request starting HTTP/2 GET https://localhost:44390/js/jqvmap/jquery.vmap.js - -
info: Microsoft.AspNetCore.Hosting.Diagnostics[1]
      Request starting HTTP/2 GET https://localhost:44390/js/jqvmap/maps/jquery.vmap.usa.js - -
info: Microsoft.AspNetCore.Hosting.Diagnostics[1]
      Request starting HTTP/2 GET https://localhost:44390/js/jquery-knob/jquery.knob.min.js - -
info: Microsoft.AspNetCore.Hosting.Diagnostics[1]
      Request starting HTTP/2 GET https://localhost:44390/js/EmbedBIWrapper.js - -
info: Microsoft.AspNetCore.StaticFiles.StaticFileMiddleware[6]
      The file /js/jquery/Jsrender.js was not modified
info: Microsoft.AspNetCore.StaticFiles.StaticFileMiddleware[6]
      The file /js/jquery/signalr.js was not modified
info: Microsoft.AspNetCore.StaticFiles.StaticFileMiddleware[6]
      The file /js/jquery-knob/jquery.knob.min.js was not modified
info: Microsoft.AspNetCore.StaticFiles.StaticFileMiddleware[6]
      The file /js/EmbedBIWrapper.js was not modified
info: Microsoft.AspNetCore.StaticFiles.StaticFileMiddleware[6]
      The file /js/jqvmap/jquery.vmap.js was not modified
info: Microsoft.AspNetCore.Hosting.Diagnostics[2]
      Request finished HTTP/2 GET https://localhost:44390/js/jquery/Jsrender.js - - - 304 - application/javascript 18.4124ms
info: Microsoft.AspNetCore.Hosting.Diagnostics[2]
      Request finished HTTP/2 GET https://localhost:44390/js/jquery/signalr.js - - - 304 - application/javascript 18.3916ms
info: Microsoft.AspNetCore.Hosting.Diagnostics[2]
      Request finished HTTP/2 GET https://localhost:44390/js/jquery-knob/jquery.knob.min.js - - - 304 - application/javascript 15.1945ms
info: Microsoft.AspNetCore.Hosting.Diagnostics[1]
      Request starting HTTP/2 GET https://localhost:44390/js/application/summernote-bs4.js - -
info: Microsoft.AspNetCore.Hosting.Diagnostics[1]
      Request starting HTTP/2 GET https://localhost:44390/js/application/demo.js - -
info: Microsoft.AspNetCore.Hosting.Diagnostics[1]
      Request starting HTTP/2 GET https://localhost:44390/js/application/jquery.overlayScrollbars.js - -
info: Microsoft.AspNetCore.StaticFiles.StaticFileMiddleware[6]
      The file /js/application/summernote-bs4.js was not modified
info: Microsoft.AspNetCore.StaticFiles.StaticFileMiddleware[6]
      The file /js/application/demo.js was not modified
info: Microsoft.AspNetCore.Hosting.Diagnostics[2]
      Request finished HTTP/2 GET https://localhost:44390/js/application/demo.js - - - 304 - application/javascript 12.0128ms
info: Microsoft.AspNetCore.Hosting.Diagnostics[2]
      Request finished HTTP/2 GET https://localhost:44390/js/application/summernote-bs4.js - - - 304 - application/javascript 17.0841ms
info: Microsoft.AspNetCore.StaticFiles.StaticFileMiddleware[6]
      The file /js/application/jquery.overlayScrollbars.js was not modified
info: Microsoft.AspNetCore.Hosting.Diagnostics[1]
      Request starting HTTP/2 GET https://localhost:44390/js/application/adminlte.js - -
info: Microsoft.AspNetCore.Hosting.Diagnostics[2]
      Request finished HTTP/2 GET https://localhost:44390/js/application/jquery.overlayScrollbars.js - - - 304 - application/javascript 22.3638ms
info: Microsoft.AspNetCore.StaticFiles.StaticFileMiddleware[6]
      The file /js/application/adminlte.js was not modified
info: Microsoft.AspNetCore.Hosting.Diagnostics[2]
      Request finished HTTP/2 GET https://localhost:44390/js/EmbedBIWrapper.js - - - 304 - application/javascript 49.0367ms
info: Microsoft.AspNetCore.Hosting.Diagnostics[2]
      Request finished HTTP/2 GET https://localhost:44390/js/application/adminlte.js - - - 304 - application/javascript 16.5207ms
info: Microsoft.AspNetCore.Hosting.Diagnostics[2]
      Request finished HTTP/2 GET https://localhost:44390/js/jqvmap/jquery.vmap.js - - - 304 - application/javascript 62.4205ms
info: Microsoft.AspNetCore.StaticFiles.StaticFileMiddleware[6]
      The file /js/jquery/jquery.easing.min.js was not modified
info: Microsoft.AspNetCore.Hosting.Diagnostics[2]
      Request finished HTTP/2 GET https://localhost:44390/js/jquery/jquery.easing.min.js - - - 304 - application/javascript 72.6950ms
info: Microsoft.AspNetCore.StaticFiles.StaticFileMiddleware[6]
      The file /js/bootstrap/bootstrap.bundle.js was not modified
info: Microsoft.AspNetCore.Hosting.Diagnostics[2]
      Request finished HTTP/2 GET https://localhost:44390/js/bootstrap/bootstrap.bundle.js - - - 304 - application/javascript 77.3421ms
info: Microsoft.AspNetCore.StaticFiles.StaticFileMiddleware[6]
      The file /js/jquery-ui/jquery-ui.js was not modified
info: Microsoft.AspNetCore.Hosting.Diagnostics[2]
      Request finished HTTP/2 GET https://localhost:44390/js/jquery-ui/jquery-ui.js - - - 304 - application/javascript 87.0105ms
info: Microsoft.AspNetCore.StaticFiles.StaticFileMiddleware[6]
      The file /js/jqvmap/maps/jquery.vmap.usa.js was not modified
info: Microsoft.AspNetCore.Hosting.Diagnostics[2]
      Request finished HTTP/2 GET https://localhost:44390/js/jqvmap/maps/jquery.vmap.usa.js - - - 304 - application/javascript 93.5359ms
info: Microsoft.AspNetCore.Hosting.Diagnostics[1]
      Request starting HTTP/2 GET https://localhost:44390/js/Index.js - -
info: Microsoft.AspNetCore.Hosting.Diagnostics[1]
      Request starting HTTP/2 GET https://localhost:44390/_framework/aspnetcore-browser-refresh.js - -
info: Microsoft.AspNetCore.Hosting.Diagnostics[2]
      Request finished HTTP/2 GET https://localhost:44390/_framework/aspnetcore-browser-refresh.js - - - 200 12358 application/javascript;+charset=utf-8 10.2966ms
info: Microsoft.AspNetCore.StaticFiles.StaticFileMiddleware[2]
      Sending file. Request path: '/js/Index.js'. Physical path: 'D:\SprintTask(Adhoc)\330799(adhoc-poc-widget)\EmbededShell\EmbeddedbiShell\wwwroot\js\Index.js'
info: Microsoft.AspNetCore.Hosting.Diagnostics[1]
      Request starting HTTP/1.1 GET https://localhost:44390/js/bootstrap/bootstrap.bundle.js.map - -
info: Microsoft.AspNetCore.Hosting.Diagnostics[2]
      Request finished HTTP/2 GET https://localhost:44390/js/Index.js - - - 200 17104 application/javascript 78.4846ms
info: Microsoft.AspNetCore.StaticFiles.StaticFileMiddleware[2]
      Sending file. Request path: '/js/bootstrap/bootstrap.bundle.js.map'. Physical path: 'D:\SprintTask(Adhoc)\330799(adhoc-poc-widget)\EmbededShell\EmbeddedbiShell\wwwroot\js\bootstrap\bootstrap.bundle.js.map'
info: Microsoft.AspNetCore.Hosting.Diagnostics[2]
      Request finished HTTP/1.1 GET https://localhost:44390/js/bootstrap/bootstrap.bundle.js.map - - - 200 410007 text/plain 42.9658ms
info: Microsoft.AspNetCore.Hosting.Diagnostics[1]
      Request starting HTTP/1.1 GET https://localhost:44390/js/application/summernote-bs4.js.map - -
info: Microsoft.AspNetCore.Hosting.Diagnostics[2]
      Request finished HTTP/1.1 GET https://localhost:44390/js/application/summernote-bs4.js.map - - - 404 - - 3.2384ms
info: Microsoft.AspNetCore.Hosting.Diagnostics[1]
      Request starting HTTP/1.1 GET https://localhost:44390/js/application/adminlte.js.map - -
info: Microsoft.AspNetCore.StaticFiles.StaticFileMiddleware[2]
      Sending file. Request path: '/js/application/adminlte.js.map'. Physical path: 'D:\SprintTask(Adhoc)\330799(adhoc-poc-widget)\EmbededShell\EmbeddedbiShell\wwwroot\js\application\adminlte.js.map'
info: Microsoft.AspNetCore.Hosting.Diagnostics[2]
      Request finished HTTP/1.1 GET https://localhost:44390/js/application/adminlte.js.map - - - 200 113276 text/plain 16.3249ms
info: Microsoft.AspNetCore.Hosting.Diagnostics[1]
      Request starting HTTP/2 GET https://localhost:44390/images/application/user1-128x128.jpg - -
info: Microsoft.AspNetCore.Hosting.Diagnostics[1]
      Request starting HTTP/2 GET https://localhost:44390/images/application/profile.png - -
info: Microsoft.AspNetCore.Hosting.Diagnostics[1]
      Request starting HTTP/2 GET https://localhost:44390/_vs/browserLink - -
info: Microsoft.AspNetCore.Hosting.Diagnostics[1]
      Request starting HTTP/2 GET https://localhost:44390/images/application/user3-128x128.jpg - -
info: Microsoft.AspNetCore.StaticFiles.StaticFileMiddleware[6]
      The file /images/application/user1-128x128.jpg was not modified
info: Microsoft.AspNetCore.StaticFiles.StaticFileMiddleware[6]
      The file /images/application/profile.png was not modified
info: Microsoft.AspNetCore.Hosting.Diagnostics[2]
      Request finished HTTP/2 GET https://localhost:44390/images/application/profile.png - - - 304 - image/png 13.1070ms
info: Microsoft.AspNetCore.Hosting.Diagnostics[1]
      Request starting HTTP/2 GET https://localhost:44390/images/application/user8-128x128.jpg - -
info: Microsoft.AspNetCore.Hosting.Diagnostics[1]
      Request starting HTTP/1.1 GET https://localhost:44390/js/application/summernote-bs4.js.map - -
info: Microsoft.AspNetCore.Hosting.Diagnostics[2]
      Request finished HTTP/2 GET https://localhost:44390/images/application/user1-128x128.jpg - - - 304 - image/jpeg 21.2511ms
info: Microsoft.AspNetCore.StaticFiles.StaticFileMiddleware[6]
      The file /images/application/user8-128x128.jpg was not modified
info: Microsoft.AspNetCore.StaticFiles.StaticFileMiddleware[6]
      The file /images/application/user3-128x128.jpg was not modified
info: Microsoft.AspNetCore.Hosting.Diagnostics[2]
      Request finished HTTP/1.1 GET https://localhost:44390/js/application/summernote-bs4.js.map - - - 404 - - 11.5094ms
info: Microsoft.AspNetCore.Hosting.Diagnostics[2]
      Request finished HTTP/2 GET https://localhost:44390/images/application/user8-128x128.jpg - - - 304 - image/jpeg 17.1884ms
info: Microsoft.AspNetCore.Hosting.Diagnostics[2]
      Request finished HTTP/2 GET https://localhost:44390/images/application/user3-128x128.jpg - - - 304 - image/jpeg 31.0496ms
info: Microsoft.AspNetCore.Hosting.Diagnostics[2]
      Request finished HTTP/2 GET https://localhost:44390/_vs/browserLink - - - 200 - text/javascript;+charset=UTF-8 70.9971ms
info: Microsoft.AspNetCore.Hosting.Diagnostics[1]
      Request starting HTTP/2 GET https://localhost:44390/css/webfonts/fa-solid-900.woff2 - -
info: Microsoft.AspNetCore.Hosting.Diagnostics[1]
      Request starting HTTP/2 GET https://localhost:44390/css/webfonts/fa-regular-400.woff2 - -
info: Microsoft.AspNetCore.StaticFiles.StaticFileMiddleware[6]
      The file /css/webfonts/fa-regular-400.woff2 was not modified
info: Microsoft.AspNetCore.StaticFiles.StaticFileMiddleware[6]
      The file /css/webfonts/fa-solid-900.woff2 was not modified
info: Microsoft.AspNetCore.Hosting.Diagnostics[2]
      Request finished HTTP/2 GET https://localhost:44390/css/webfonts/fa-regular-400.woff2 - - - 304 - font/woff2 13.8687ms
info: Microsoft.AspNetCore.Hosting.Diagnostics[2]
      Request finished HTTP/2 GET https://localhost:44390/css/webfonts/fa-solid-900.woff2 - - - 304 - font/woff2 16.1700ms
info: Microsoft.AspNetCore.Hosting.Diagnostics[1]
      Request starting HTTP/2 POST https://localhost:44390/GetDetails application/json 285
info: Microsoft.AspNetCore.Mvc.Infrastructure.ControllerActionInvoker[3]
      Route matched with {action = "GetDetails", controller = "Home"}. Executing controller action with signature System.String GetDetails(System.Object) on controller SampleCoreApp.Controllers.HomeController (SampleCoreApp).
info: Microsoft.AspNetCore.Mvc.Infrastructure.ObjectResultExecutor[1]
      Executing ObjectResult, writing value of type 'System.String'.
info: Microsoft.AspNetCore.Mvc.Infrastructure.ControllerActionInvoker[2]
      Executed action SampleCoreApp.Controllers.HomeController.GetDetails (SampleCoreApp) in 1110.8512ms
info: Microsoft.AspNetCore.Hosting.Diagnostics[2]
      Request finished HTTP/2 POST https://localhost:44390/GetDetails application/json 285 - 200 - text/plain;+charset=utf-8 1123.6112ms
info: Microsoft.AspNetCore.Hosting.Diagnostics[1]
      Request starting HTTP/2 GET https://localhost:44390/css/themes/jqvmap.css - -
info: Microsoft.AspNetCore.Hosting.Diagnostics[1]
      Request starting HTTP/2 GET https://localhost:44390/css/themes/summernote-bs4.css - -
info: Microsoft.AspNetCore.Hosting.Diagnostics[1]
      Request starting HTTP/2 GET https://localhost:44390/css/themes/tempusdominus-bootstrap-4.css - -
info: Microsoft.AspNetCore.Hosting.Diagnostics[1]
      Request starting HTTP/2 GET https://localhost:44390/css/themes/OverlayScrollbars.css - -
info: Microsoft.AspNetCore.Hosting.Diagnostics[1]
      Request starting HTTP/2 GET https://localhost:44390/css/themes/daterangepicker.css - -
info: Microsoft.AspNetCore.Hosting.Diagnostics[1]
      Request starting HTTP/2 GET https://localhost:44390/css/bootstrapcompatibility.min.css - -
info: Microsoft.AspNetCore.StaticFiles.StaticFileMiddleware[6]
      The file /css/themes/jqvmap.css was not modified
info: Microsoft.AspNetCore.Hosting.Diagnostics[1]
      Request starting HTTP/2 GET https://localhost:44390/css/themes/adminlte.css - -
info: Microsoft.AspNetCore.Hosting.Diagnostics[1]
      Request starting HTTP/2 GET https://localhost:44390/css/themes/all.css - -
info: Microsoft.AspNetCore.StaticFiles.StaticFileMiddleware[6]
      The file /css/themes/summernote-bs4.css was not modified
info: Microsoft.AspNetCore.StaticFiles.StaticFileMiddleware[6]
      The file /css/themes/tempusdominus-bootstrap-4.css was not modified
info: Microsoft.AspNetCore.Hosting.Diagnostics[2]
      Request finished HTTP/2 GET https://localhost:44390/css/themes/summernote-bs4.css - - - 304 - text/css 25.5248ms
info: Microsoft.AspNetCore.Hosting.Diagnostics[2]
      Request finished HTTP/2 GET https://localhost:44390/css/themes/tempusdominus-bootstrap-4.css - - - 304 - text/css 13.7347ms
info: Microsoft.AspNetCore.Hosting.Diagnostics[1]
      Request starting HTTP/2 GET https://localhost:44390/css/themes/icheck-bootstrap.css - -
info: Microsoft.AspNetCore.Hosting.Diagnostics[1]
      Request starting HTTP/2 GET https://localhost:44390/css/site.css - -
info: Microsoft.AspNetCore.StaticFiles.StaticFileMiddleware[6]
      The file /css/themes/icheck-bootstrap.css was not modified
info: Microsoft.AspNetCore.StaticFiles.StaticFileMiddleware[6]
      The file /css/site.css was not modified
info: Microsoft.AspNetCore.Hosting.Diagnostics[2]
      Request finished HTTP/2 GET https://localhost:44390/css/themes/icheck-bootstrap.css - - - 304 - text/css 10.1293ms
info: Microsoft.AspNetCore.StaticFiles.StaticFileMiddleware[6]
      The file /css/themes/OverlayScrollbars.css was not modified
info: Microsoft.AspNetCore.Hosting.Diagnostics[2]
      Request finished HTTP/2 GET https://localhost:44390/css/site.css - - - 304 - text/css 12.7403ms
info: Microsoft.AspNetCore.Hosting.Diagnostics[1]
      Request starting HTTP/2 GET https://localhost:44390/js/application/adminlte.js.map - -
info: Microsoft.AspNetCore.Hosting.Diagnostics[1]
      Request starting HTTP/2 GET https://localhost:44390/js/application/summernote-bs4.js.map - -
info: Microsoft.AspNetCore.StaticFiles.StaticFileMiddleware[6]
      The file /js/application/adminlte.js.map was not modified
info: Microsoft.AspNetCore.Hosting.Diagnostics[2]
      Request finished HTTP/2 GET https://localhost:44390/css/themes/OverlayScrollbars.css - - - 304 - text/css 44.6956ms
info: Microsoft.AspNetCore.Hosting.Diagnostics[2]
      Request finished HTTP/2 GET https://localhost:44390/js/application/adminlte.js.map - - - 304 - text/plain 13.9501ms
info: Microsoft.AspNetCore.Hosting.Diagnostics[1]
      Request starting HTTP/2 GET https://localhost:44390/js/bootstrap/bootstrap.bundle.js.map - -
info: Microsoft.AspNetCore.Hosting.Diagnostics[2]
      Request finished HTTP/2 GET https://localhost:44390/css/themes/jqvmap.css - - - 304 - text/css 68.5494ms
info: Microsoft.AspNetCore.StaticFiles.StaticFileMiddleware[6]
      The file /js/bootstrap/bootstrap.bundle.js.map was not modified
info: Microsoft.AspNetCore.Hosting.Diagnostics[2]
      Request finished HTTP/2 GET https://localhost:44390/js/application/summernote-bs4.js.map - - - 404 - - 48.6323ms
info: Microsoft.AspNetCore.StaticFiles.StaticFileMiddleware[6]
      The file /css/bootstrapcompatibility.min.css was not modified
info: Microsoft.AspNetCore.Hosting.Diagnostics[2]
      Request finished HTTP/2 GET https://localhost:44390/js/bootstrap/bootstrap.bundle.js.map - - - 304 - text/plain 38.0560ms
info: Microsoft.AspNetCore.Hosting.Diagnostics[2]
      Request finished HTTP/2 GET https://localhost:44390/css/bootstrapcompatibility.min.css - - - 304 - text/css 90.0144ms
info: Microsoft.AspNetCore.StaticFiles.StaticFileMiddleware[6]
      The file /css/themes/daterangepicker.css was not modified
info: Microsoft.AspNetCore.Hosting.Diagnostics[2]
      Request finished HTTP/2 GET https://localhost:44390/css/themes/daterangepicker.css - - - 304 - text/css 97.9036ms
info: Microsoft.AspNetCore.StaticFiles.StaticFileMiddleware[6]
      The file /css/themes/adminlte.css was not modified
info: Microsoft.AspNetCore.Hosting.Diagnostics[2]
      Request finished HTTP/2 GET https://localhost:44390/css/themes/adminlte.css - - - 304 - text/css 94.5470ms
info: Microsoft.AspNetCore.StaticFiles.StaticFileMiddleware[6]
      The file /css/themes/all.css was not modified
info: Microsoft.AspNetCore.Hosting.Diagnostics[2]
      Request finished HTTP/2 GET https://localhost:44390/css/themes/all.css - - - 304 - text/css 104.2956ms
info: Microsoft.AspNetCore.Hosting.Diagnostics[1]
      Request starting HTTP/2 GET https://localhost:44390/css/themes/adminlte.css.map - -
info: Microsoft.AspNetCore.StaticFiles.StaticFileMiddleware[6]
      The file /css