info: Microsoft.AspNetCore.DataProtection.KeyManagement.XmlKeyManager[63]
      User profile is available. Using 'C:\Users\AnuAbarnaBalakrishna\AppData\Local\ASP.NET\DataProtection-Keys' as key repository and Windows DPAPI to encrypt keys at rest.
Hosting environment: Development
Content root path: D:\SprintTask(Adhoc)\330799(adhoc-poc-widget)\EmbededShell\EmbeddedbiShell
Now listening on: http://localhost:56325/
Now listening on: https://localhost:44390/
Application started. Press Ctrl+C to shut down.
info: Microsoft.AspNetCore.Hosting.Diagnostics[1]
      Request starting HTTP/2 GET https://localhost:44390/ - -
info: Microsoft.AspNetCore.Mvc.Infrastructure.ControllerActionInvoker[3]
      Route matched with {action = "Index", controller = "Home"}. Executing controller action with signature Microsoft.AspNetCore.Mvc.IActionResult Index(System.String, System.String, Int32, System.String, Boolean, System.String) on controller SampleCoreApp.Controllers.HomeController (SampleCoreApp).
info: Microsoft.AspNetCore.Mvc.ViewFeatures.ViewResultExecutor[1]
      Executing ViewResult, running view Index.
info: Microsoft.AspNetCore.Mvc.ViewFeatures.ViewResultExecutor[4]
      Executed ViewResult - view Index executed in 23675.81ms.
info: Microsoft.AspNetCore.Mvc.Infrastructure.ControllerActionInvoker[2]
      Executed action SampleCoreApp.Controllers.HomeController.Index (SampleCoreApp) in 86613.6163ms
info: Microsoft.AspNetCore.Hosting.Diagnostics[2]
      Request finished HTTP/2 GET https://localhost:44390/ - - - 200 - text/html;+charset=utf-8 86833.3873ms
info: Microsoft.AspNetCore.Hosting.Diagnostics[1]
      Request starting HTTP/2 GET https://localhost:44390/_framework/aspnetcore-browser-refresh.js - -
info: Microsoft.AspNetCore.Hosting.Diagnostics[2]
      Request finished HTTP/2 GET https://localhost:44390/_framework/aspnetcore-browser-refresh.js - - - 200 12358 application/javascript;+charset=utf-8 11.4597ms
info: Microsoft.AspNetCore.Hosting.Diagnostics[1]
      Request starting HTTP/1.1 GET https://localhost:44390/js/bootstrap/bootstrap.bundle.js.map - -
info: Microsoft.AspNetCore.StaticFiles.StaticFileMiddleware[2]
      Sending file. Request path: '/js/bootstrap/bootstrap.bundle.js.map'. Physical path: 'D:\SprintTask(Adhoc)\330799(adhoc-poc-widget)\EmbededShell\EmbeddedbiShell\wwwroot\js\bootstrap\bootstrap.bundle.js.map'
info: Microsoft.AspNetCore.Hosting.Diagnostics[2]
      Request finished HTTP/1.1 GET https://localhost:44390/js/bootstrap/bootstrap.bundle.js.map - - - 200 410007 text/plain 45.1447ms
info: Microsoft.AspNetCore.Hosting.Diagnostics[1]
      Request starting HTTP/1.1 GET https://localhost:44390/js/application/summernote-bs4.js.map - -
info: Microsoft.AspNetCore.Hosting.Diagnostics[2]
      Request finished HTTP/1.1 GET https://localhost:44390/js/application/summernote-bs4.js.map - - - 404 - - 4.0408ms
info: Microsoft.AspNetCore.Hosting.Diagnostics[1]
      Request starting HTTP/1.1 GET https://localhost:44390/js/application/adminlte.js.map - -
info: Microsoft.AspNetCore.StaticFiles.StaticFileMiddleware[2]
      Sending file. Request path: '/js/application/adminlte.js.map'. Physical path: 'D:\SprintTask(Adhoc)\330799(adhoc-poc-widget)\EmbededShell\EmbeddedbiShell\wwwroot\js\application\adminlte.js.map'
info: Microsoft.AspNetCore.Hosting.Diagnostics[2]
      Request finished HTTP/1.1 GET https://localhost:44390/js/application/adminlte.js.map - - - 200 113276 text/plain 6.0442ms
info: Microsoft.AspNetCore.Hosting.Diagnostics[1]
      Request starting HTTP/2 GET https://localhost:44390/_vs/browserLink - -
info: Microsoft.AspNetCore.Hosting.Diagnostics[1]
      Request starting HTTP/1.1 GET https://localhost:44390/js/application/summernote-bs4.js.map - -
info: Microsoft.AspNetCore.Hosting.Diagnostics[2]
      Request finished HTTP/1.1 GET https://localhost:44390/js/application/summernote-bs4.js.map - - - 404 - - 2.9644ms
info: Microsoft.AspNetCore.Hosting.Diagnostics[2]
      Request finished HTTP/2 GET https://localhost:44390/_vs/browserLink - - - 200 - text/javascript;+charset=UTF-8 23.9303ms
info: Microsoft.AspNetCore.Hosting.Diagnostics[1]
      Request starting HTTP/2 POST https://localhost:44390/GetDetails application/json 301
info: Microsoft.AspNetCore.Mvc.Infrastructure.ControllerActionInvoker[3]
      Route matched with {action = "GetDetails", controller = "Home"}. Executing controller action with signature System.String GetDetails(System.Object) on controller SampleCoreApp.Controllers.HomeController (SampleCoreApp).
info: Microsoft.AspNetCore.Mvc.Infrastructure.ObjectResultExecutor[1]
      Executing ObjectResult, writing value of type 'System.String'.
info: Microsoft.AspNetCore.Mvc.Infrastructure.ControllerActionInvoker[2]
      Executed action SampleCoreApp.Controllers.HomeController.GetDetails (SampleCoreApp) in 158.8925ms
info: Microsoft.AspNetCore.Hosting.Diagnostics[2]
      Request finished HTTP/2 POST https://localhost:44390/GetDetails application/json 301 - 200 - text/plain;+charset=utf-8 172.6939ms
info: Microsoft.AspNetCore.Hosting.Diagnostics[1]
      Request starting HTTP/2 GET https://localhost:44390/js/application/summernote-bs4.js.map - -
info: Microsoft.AspNetCore.Hosting.Diagnostics[2]
      Request finished HTTP/2 GET https://localhost:44390/js/application/summernote-bs4.js.map - - - 404 - - 6.0407ms
info: Microsoft.AspNetCore.Hosting.Diagnostics[1]
      Request starting HTTP/2 GET https://localhost:44390/ - -
info: Microsoft.AspNetCore.Mvc.Infrastructure.ControllerActionInvoker[3]
      Route matched with {action = "Index", controller = "Home"}. Executing controller action with signature Microsoft.AspNetCore.Mvc.IActionResult Index(System.String, System.String, Int32, System.String, Boolean, System.String) on controller SampleCoreApp.Controllers.HomeController (SampleCoreApp).
info: Microsoft.AspNetCore.Mvc.ViewFeatures.ViewResultExecutor[1]
      Executing ViewResult, running view Index.
info: Microsoft.AspNetCore.Mvc.ViewFeatures.ViewResultExecutor[4]
      Executed ViewResult - view Index executed in 367.1787ms.
info: Microsoft.AspNetCore.Mvc.Infrastructure.ControllerActionInvoker[2]
      Executed action SampleCoreApp.Controllers.HomeController.Index (SampleCoreApp) in 6706.9725ms
info: Microsoft.AspNetCore.Hosting.Diagnostics[2]
      Request finished HTTP/2 GET https://localhost:44390/ - - - 200 - text/html;+charset=utf-8 6720.9324ms
info: Microsoft.AspNetCore.Hosting.Diagnostics[1]
      Request starting HTTP/2 GET https://localhost:44390/css/bootstrapcompatibility.min.css - -
info: Microsoft.AspNetCore.Hosting.Diagnostics[1]
      Request starting HTTP/2 GET https://localhost:44390/css/themes/all.css - -
info: Microsoft.AspNetCore.Hosting.Diagnostics[1]
      Request starting HTTP/2 GET https://localhost:44390/css/themes/tempusdominus-bootstrap-4.css - -
info: Microsoft.AspNetCore.Hosting.Diagnostics[1]
      Request starting HTTP/2 GET https://localhost:44390/css/site.css - -
info: Microsoft.AspNetCore.Hosting.Diagnostics[1]
      Request starting HTTP/2 GET https://localhost:44390/css/themes/icheck-bootstrap.css - -
info: Microsoft.AspNetCore.Hosting.Diagnostics[1]
      Request starting HTTP/2 GET https://localhost:44390/css/themes/OverlayScrollbars.css - -
info: Microsoft.AspNetCore.Hosting.Diagnostics[1]
      Request starting HTTP/2 GET https://localhost:44390/css/themes/adminlte.css - -
info: Microsoft.AspNetCore.Hosting.Diagnostics[1]
      Request starting HTTP/2 GET https://localhost:44390/css/themes/daterangepicker.css - -
info: Microsoft.AspNetCore.Hosting.Diagnostics[1]
      Request starting HTTP/2 GET https://localhost:44390/css/themes/summernote-bs4.css - -
info: Microsoft.AspNetCore.Hosting.Diagnostics[1]
      Request starting HTTP/2 GET https://localhost:44390/js/jquery/jquery.easing.min.js - -
info: Microsoft.AspNetCore.Hosting.Diagnostics[1]
      Request starting HTTP/2 GET https://localhost:44390/js/jquery/Jsrender.js - -
info: Microsoft.AspNetCore.StaticFiles.StaticFileMiddleware[2]
      Sending file. Request path: '/css/bootstrapcompatibility.min.css'. Physical path: 'D:\SprintTask(Adhoc)\330799(adhoc-poc-widget)\EmbededShell\EmbeddedbiShell\wwwroot\css\bootstrapcompatibility.min.css'
info: Microsoft.AspNetCore.Hosting.Diagnostics[1]
      Request starting HTTP/2 GET https://localhost:44390/js/jquery/signalr.js - -
info: Microsoft.AspNetCore.Hosting.Diagnostics[2]
      Request finished HTTP/2 GET https://localhost:44390/css/bootstrapcompatibility.min.css - - - 200 2348 text/css 83.5917ms
info: Microsoft.AspNetCore.StaticFiles.StaticFileMiddleware[2]
      Sending file. Request path: '/css/themes/daterangepicker.css'. Physical path: 'D:\SprintTask(Adhoc)\330799(adhoc-poc-widget)\EmbededShell\EmbeddedbiShell\wwwroot\css\themes\daterangepicker.css'
info: Microsoft.AspNetCore.Hosting.Diagnostics[1]
      Request starting HTTP/2 GET https://localhost:44390/js/jquery-ui/jquery-ui.js - -
info: Microsoft.AspNetCore.Hosting.Diagnostics[1]
      Request starting HTTP/2 GET https://localhost:44390/js/bootstrap/bootstrap.bundle.js - -
info: Microsoft.AspNetCore.Hosting.Diagnostics[2]
      Request finished HTTP/2 GET https://localhost:44390/css/themes/daterangepicker.css - - - 200 8069 text/css 48.1509ms
info: Microsoft.AspNetCore.StaticFiles.StaticFileMiddleware[2]
      Sending file. Request path: '/css/themes/OverlayScrollbars.css'. Physical path: 'D:\SprintTask(Adhoc)\330799(adhoc-poc-widget)\EmbededShell\EmbeddedbiShell\wwwroot\css\themes\OverlayScrollbars.css'
info: Microsoft.AspNetCore.Hosting.Diagnostics[1]
      Request starting HTTP/2 GET https://localhost:44390/js/jqvmap/jquery.vmap.js - -
info: Microsoft.AspNetCore.Hosting.Diagnostics[1]
      Request starting HTTP/2 GET https://localhost:44390/js/jquery-knob/jquery.knob.min.js - -
info: Microsoft.AspNetCore.Hosting.Diagnostics[2]
      Request finished HTTP/2 GET https://localhost:44390/css/themes/OverlayScrollbars.css - - - 200 24044 text/css 74.0984ms
info: Microsoft.AspNetCore.Hosting.Diagnostics[1]
      Request starting HTTP/2 GET https://localhost:44390/js/application/summernote-bs4.js - -
info: Microsoft.AspNetCore.Hosting.Diagnostics[1]
      Request starting HTTP/2 GET https://localhost:44390/js/jqvmap/maps/jquery.vmap.usa.js - -
info: Microsoft.AspNetCore.StaticFiles.StaticFileMiddleware[2]
      Sending file. Request path: '/js/jquery/jquery.easing.min.js'. Physical path: 'D:\SprintTask(Adhoc)\330799(adhoc-poc-widget)\EmbededShell\EmbeddedbiShell\wwwroot\js\jquery\jquery.easing.min.js'
info: Microsoft.AspNetCore.Hosting.Diagnostics[2]
      Request finished HTTP/2 GET https://localhost:44390/js/jquery/jquery.easing.min.js - - - 200 6906 application/javascript 91.7338ms
info: Microsoft.AspNetCore.Hosting.Diagnostics[1]
      Request starting HTTP/2 GET https://localhost:44390/js/application/jquery.overlayScrollbars.js - -
info: Microsoft.AspNetCore.Hosting.Diagnostics[1]
      Request starting HTTP/2 GET https://localhost:44390/js/application/adminlte.js - -
info: Microsoft.AspNetCore.Hosting.Diagnostics[1]
      Request starting HTTP/2 GET https://localhost:44390/js/EmbedBIWrapper.js - -
info: Microsoft.AspNetCore.Hosting.Diagnostics[1]
      Request starting HTTP/2 GET https://localhost:44390/js/jquery/jquery.min.js - -
info: Microsoft.AspNetCore.Hosting.Diagnostics[1]
      Request starting HTTP/2 GET https://localhost:44390/js/application/demo.js - -
info: Microsoft.AspNetCore.StaticFiles.StaticFileMiddleware[2]
      Sending file. Request path: '/js/jquery-knob/jquery.knob.min.js'. Physical path: 'D:\SprintTask(Adhoc)\330799(adhoc-poc-widget)\EmbededShell\EmbeddedbiShell\wwwroot\js\jquery-knob\jquery.knob.min.js'
info: Microsoft.AspNetCore.Hosting.Diagnostics[1]
      Request starting HTTP/2 GET https://localhost:44390/css/themes/jqvmap.css - -
info: Microsoft.AspNetCore.StaticFiles.StaticFileMiddleware[2]
      Sending file. Request path: '/css/themes/tempusdominus-bootstrap-4.css'. Physical path: 'D:\SprintTask(Adhoc)\330799(adhoc-poc-widget)\EmbededShell\EmbeddedbiShell\wwwroot\css\themes\tempusdominus-bootstrap-4.css'
info: Microsoft.AspNetCore.Hosting.Diagnostics[2]
      Request finished HTTP/2 GET https://localhost:44390/js/jquery-knob/jquery.knob.min.js - - - 200 10804 application/javascript 135.5058ms
info: Microsoft.AspNetCore.Hosting.Diagnostics[2]
      Request finished HTTP/2 GET https://localhost:44390/css/themes/tempusdominus-bootstrap-4.css - - - 200 9270 text/css 240.7444ms
info: Microsoft.AspNetCore.StaticFiles.StaticFileMiddleware[2]
      Sending file. Request path: '/css/site.css'. Physical path: 'D:\SprintTask(Adhoc)\330799(adhoc-poc-widget)\EmbededShell\EmbeddedbiShell\wwwroot\css\site.css'
info: Microsoft.AspNetCore.StaticFiles.StaticFileMiddleware[2]
      Sending file. Request path: '/css/themes/icheck-bootstrap.css'. Physical path: 'D:\SprintTask(Adhoc)\330799(adhoc-poc-widget)\EmbededShell\EmbeddedbiShell\wwwroot\css\themes\icheck-bootstrap.css'
info: Microsoft.AspNetCore.StaticFiles.StaticFileMiddleware[2]
      Sending file. Request path: '/css/themes/summernote-bs4.css'. Physical path: 'D:\SprintTask(Adhoc)\330799(adhoc-poc-widget)\EmbededShell\EmbeddedbiShell\wwwroot\css\themes\summernote-bs4.css'
info: Microsoft.AspNetCore.StaticFiles.StaticFileMiddleware[2]
      Sending file. Request path: '/js/jqvmap/jquery.vmap.js'. Physical path: 'D:\SprintTask(Adhoc)\330799(adhoc-poc-widget)\EmbededShell\EmbeddedbiShell\wwwroot\js\jqvmap\jquery.vmap.js'
info: Microsoft.AspNetCore.StaticFiles.StaticFileMiddleware[2]
      Sending file. Request path: '/js/jquery/signalr.js'. Physical path: 'D:\SprintTask(Adhoc)\330799(adhoc-poc-widget)\EmbededShell\EmbeddedbiShell\wwwroot\js\jquery\signalr.js'
info: Microsoft.AspNetCore.Hosting.Diagnostics[2]
      Request finished HTTP/2 GET https://localhost:44390/css/themes/icheck-bootstrap.css - - - 200 14967 text/css 240.7375ms
info: Microsoft.AspNetCore.Hosting.Diagnostics[2]
      Request finished HTTP/2 GET https://localhost:44390/css/site.css - - - 200 4662 text/css 243.4246ms
info: Microsoft.AspNetCore.StaticFiles.StaticFileMiddleware[2]
      Sending file. Request path: '/js/jqvmap/maps/jquery.vmap.usa.js'. Physical path: 'D:\SprintTask(Adhoc)\330799(adhoc-poc-widget)\EmbededShell\EmbeddedbiShell\wwwroot\js\jqvmap\maps\jquery.vmap.usa.js'
info: Microsoft.AspNetCore.Hosting.Diagnostics[2]
      Request finished HTTP/2 GET https://localhost:44390/js/jquery/signalr.js - - - 200 39856 application/javascript 218.5865ms
info: Microsoft.AspNetCore.StaticFiles.StaticFileMiddleware[2]
      Sending file. Request path: '/js/jquery/Jsrender.js'. Physical path: 'D:\SprintTask(Adhoc)\330799(adhoc-poc-widget)\EmbededShell\EmbeddedbiShell\wwwroot\js\jquery\Jsrender.js'
info: Microsoft.AspNetCore.Hosting.Diagnostics[2]
      Request finished HTTP/2 GET https://localhost:44390/js/jqvmap/jquery.vmap.js - - - 200 35630 application/javascript 193.3236ms
info: Microsoft.AspNetCore.StaticFiles.StaticFileMiddleware[2]
      Sending file. Request path: '/js/application/demo.js'. Physical path: 'D:\SprintTask(Adhoc)\330799(adhoc-poc-widget)\EmbededShell\EmbeddedbiShell\wwwroot\js\application\demo.js'
info: Microsoft.AspNetCore.Hosting.Diagnostics[2]
      Request finished HTTP/2 GET https://localhost:44390/js/jqvmap/maps/jquery.vmap.usa.js - - - 200 47714 application/javascript 156.9555ms
info: Microsoft.AspNetCore.StaticFiles.StaticFileMiddleware[2]
      Sending file. Request path: '/css/themes/all.css'. Physical path: 'D:\SprintTask(Adhoc)\330799(adhoc-poc-widget)\EmbededShell\EmbeddedbiShell\wwwroot\css\themes\all.css'
info: Microsoft.AspNetCore.StaticFiles.StaticFileMiddleware[2]
      Sending file. Request path: '/js/application/adminlte.js'. Physical path: 'D:\SprintTask(Adhoc)\330799(adhoc-poc-widget)\EmbededShell\EmbeddedbiShell\wwwroot\js\application\adminlte.js'
info: Microsoft.AspNetCore.Hosting.Diagnostics[2]
      Request finished HTTP/2 GET https://localhost:44390/js/jquery/Jsrender.js - - - 200 55660 application/javascript 243.2859ms
info: Microsoft.AspNetCore.StaticFiles.StaticFileMiddleware[2]
      Sending file. Request path: '/js/EmbedBIWrapper.js'. Physical path: 'D:\SprintTask(Adhoc)\330799(adhoc-poc-widget)\EmbededShell\EmbeddedbiShell\wwwroot\js\EmbedBIWrapper.js'
info: Microsoft.AspNetCore.Hosting.Diagnostics[2]
      Request finished HTTP/2 GET https://localhost:44390/js/application/demo.js - - - 200 12910 application/javascript 90.3638ms
info: Microsoft.AspNetCore.StaticFiles.StaticFileMiddleware[2]
      Sending file. Request path: '/js/jquery/jquery.min.js'. Physical path: 'D:\SprintTask(Adhoc)\330799(adhoc-poc-widget)\EmbededShell\EmbeddedbiShell\wwwroot\js\jquery\jquery.min.js'
info: Microsoft.AspNetCore.StaticFiles.StaticFileMiddleware[2]
      Sending file. Request path: '/js/application/summernote-bs4.js'. Physical path: 'D:\SprintTask(Adhoc)\330799(adhoc-poc-widget)\EmbededShell\EmbeddedbiShell\wwwroot\js\application\summernote-bs4.js'
info: Microsoft.AspNetCore.StaticFiles.StaticFileMiddleware[2]
      Sending file. Request path: '/js/bootstrap/bootstrap.bundle.js'. Physical path: 'D:\SprintTask(Adhoc)\330799(adhoc-poc-widget)\EmbededShell\EmbeddedbiShell\wwwroot\js\bootstrap\bootstrap.bundle.js'
info: Microsoft.AspNetCore.StaticFiles.StaticFileMiddleware[2]
      Sending file. Request path: '/js/application/jquery.overlayScrollbars.js'. Physical path: 'D:\SprintTask(Adhoc)\330799(adhoc-poc-widget)\EmbededShell\EmbeddedbiShell\wwwroot\js\application\jquery.overlayScrollbars.js'
info: Microsoft.AspNetCore.Hosting.Diagnostics[2]
      Request finished HTTP/2 GET https://localhost:44390/js/application/adminlte.js - - - 200 59416 application/javascript 155.4697ms
info: Microsoft.AspNetCore.Hosting.Diagnostics[2]
      Request finished HTTP/2 GET https://localhost:44390/js/EmbedBIWrapper.js - - - 200 234412 application/javascript 134.0850ms
info: Microsoft.AspNetCore.Hosting.Diagnostics[2]
      Request finished HTTP/2 GET https://localhost:44390/js/bootstrap/bootstrap.bundle.js - - - 200 235114 application/javascript 243.7769ms
info: Microsoft.AspNetCore.StaticFiles.StaticFileMiddleware[2]
      Sending file. Request path: '/css/themes/jqvmap.css'. Physical path: 'D:\SprintTask(Adhoc)\330799(adhoc-poc-widget)\EmbededShell\EmbeddedbiShell\wwwroot\css\themes\jqvmap.css'
info: Microsoft.AspNetCore.Hosting.Diagnostics[2]
      Request finished HTTP/2 GET https://localhost:44390/js/application/jquery.overlayScrollbars.js - - - 200 322661 application/javascript 207.5052ms
info: Microsoft.AspNetCore.Hosting.Diagnostics[2]
      Request finished HTTP/2 GET https://localhost:44390/css/themes/jqvmap.css - - - 200 796 text/css 144.2201ms
info: Microsoft.AspNetCore.StaticFiles.StaticFileMiddleware[2]
      Sending file. Request path: '/js/jquery-ui/jquery-ui.js'. Physical path: 'D:\SprintTask(Adhoc)\330799(adhoc-poc-widget)\EmbededShell\EmbeddedbiShell\wwwroot\js\jquery-ui\jquery-ui.js'
info: Microsoft.AspNetCore.Hosting.Diagnostics[2]
      Request finished HTTP/2 GET https://localhost:44390/js/application/summernote-bs4.js - - - 200 338038 application/javascript 258.3527ms
info: Microsoft.AspNetCore.StaticFiles.StaticFileMiddleware[2]
      Sending file. Request path: '/css/themes/adminlte.css'. Physical path: 'D:\SprintTask(Adhoc)\330799(adhoc-poc-widget)\EmbededShell\EmbeddedbiShell\wwwroot\css\themes\adminlte.css'
info: Microsoft.AspNetCore.Hosting.Diagnostics[2]
      Request finished HTTP/2 GET https://localhost:44390/js/jquery-ui/jquery-ui.js - - - 200 539419 application/javascript 308.5676ms
info: Microsoft.AspNetCore.Hosting.Diagnostics[2]
      Request finished HTTP/2 GET https://localhost:44390/js/jquery/jquery.min.js - - - 200 112130 application/javascript 211.6201ms
info: Microsoft.AspNetCore.Hosting.Diagnostics[2]
      Request finished HTTP/2 GET https://localhost:44390/css/themes/summernote-bs4.css - - - 200 20338 text/css 362.2489ms
info: Microsoft.AspNetCore.Hosting.Diagnostics[2]
      Request finished HTTP/2 GET https://localhost:44390/css/themes/adminlte.css - - - 200 819747 text/css 375.9651ms
info: Microsoft.AspNetCore.Hosting.Diagnostics[2]
      Request finished HTTP/2 GET https://localhost:44390/css/themes/all.css - - - 200 77226 text/css 422.5515ms
info: Microsoft.AspNetCore.Hosting.Diagnostics[1]
      Request starting HTTP/2 GET https://localhost:44390/js/Index.js - -
info: Microsoft.AspNetCore.Hosting.Diagnostics[1]
      Request starting HTTP/2 GET https://localhost:44390/_framework/aspnetcore-browser-refresh.js - -
info: Microsoft.AspNetCore.Hosting.Diagnostics[2]
      Request finished HTTP/2 GET https://localhost:44390/_framework/aspnetcore-browser-refresh.js - - - 200 12358 application/javascript;+charset=utf-8 3.0071ms
info: Microsoft.AspNetCore.StaticFiles.StaticFileMiddleware[2]
      Sending file. Request path: '/js/Index.js'. Physical path: 'D:\SprintTask(Adhoc)\330799(adhoc-poc-widget)\EmbededShell\EmbeddedbiShell\wwwroot\js\Index.js'
info: Microsoft.AspNetCore.Hosting.Diagnostics[2]
      Request finished HTTP/2 GET https://localhost:44390/js/Index.js - - - 200 18073 application/javascript 45.0755ms
info: Microsoft.AspNetCore.Hosting.Diagnostics[1]
      Request starting HTTP/1.1 GET https://localhost:44390/js/bootstrap/bootstrap.bundle.js.map - -
info: Microsoft.AspNetCore.StaticFiles.StaticFileMiddleware[2]
      Sending file. Request path: '/js/bootstrap/bootstrap.bundle.js.map'. Physical path: 'D:\SprintTask(Adhoc)\330799(adhoc-poc-widget)\EmbededShell\EmbeddedbiShell\wwwroot\js\bootstrap\bootstrap.bundle.js.map'
info: Microsoft.AspNetCore.Hosting.Diagnostics[2]
      Request finished HTTP/1.1 GET https://localhost:44390/js/bootstrap/bootstrap.bundle.js.map - - - 200 410007 text/plain 29.4668ms
info: Microsoft.AspNetCore.Hosting.Diagnostics[1]
      Request starting HTTP/1.1 GET https://localhost:44390/js/application/summernote-bs4.js.map - -
info: Microsoft.AspNetCore.Hosting.Diagnostics[2]
      Request finished HTTP/1.1 GET https://localhost:44390/js/application/summernote-bs4.js.map - - - 404 - - 5.5478ms
info: Microsoft.AspNetCore.Hosting.Diagnostics[1]
      Request starting HTTP/1.1 GET https://localhost:44390/js/application/summernote-bs4.js.map - -
info: Microsoft.AspNetCore.Hosting.Diagnostics[2]
      Request finished HTTP/1.1 GET https://localhost:44390/js/application/summernote-bs4.js.map - - - 404 - - 2.3236ms
info: Microsoft.AspNetCore.Hosting.Diagnostics[1]
      Request starting HTTP/1.1 GET https://localhost:44390/js/application/adminlte.js.map - -
info: Microsoft.AspNetCore.StaticFiles.StaticFileMiddleware[2]
      Sending file. Request path: '/js/application/adminlte.js.map'. Physical path: 'D:\SprintTask(Adhoc)\330799(adhoc-poc-widget)\EmbededShell\EmbeddedbiShell\wwwroot\js\application\adminlte.js.map'
info: Microsoft.AspNetCore.Hosting.Diagnostics[2]
      Request finished HTTP/1.1 GET https://localhost:44390/js/application/adminlte.js.map - - - 200 113276 text/plain 10.5884ms
info: Microsoft.AspNetCore.Hosting.Diagnostics[1]
      Request starting HTTP/2 GET https://localhost:44390/_vs/browserLink - -
info: Microsoft.AspNetCore.Hosting.Diagnostics[1]
      Request starting HTTP/2 GET https://localhost:44390/images/application/main_logo.svg - -
info: Microsoft.AspNetCore.Hosting.Diagnostics[1]
      Request starting HTTP/2 GET https://localhost:44390/images/application/user3-128x128.jpg - -
info: Microsoft.AspNetCore.Hosting.Diagnostics[1]
      Request starting HTTP/2 GET https://localhost:44390/images/application/profile.png - -
info: Microsoft.AspNetCore.Hosting.Diagnostics[1]
      Request starting HTTP/2 GET https://localhost:44390/images/application/user1-128x128.jpg - -
info: Microsoft.AspNetCore.Hosting.Diagnostics[1]
      Request starting HTTP/2 GET https://localhost:44390/images/application/user8-128x128.jpg - -
info: Microsoft.AspNetCore.StaticFiles.StaticFileMiddleware[2]
      Sending file. Request path: '/images/application/main_logo.svg'. Physical path: 'D:\SprintTask(Adhoc)\330799(adhoc-poc-widget)\EmbededShell\EmbeddedbiShell\wwwroot\images\application\main_logo.svg'
info: Microsoft.AspNetCore.StaticFiles.StaticFileMiddleware[2]
      Sending file. Request path: '/images/application/user1-128x128.jpg'. Physical path: 'D:\SprintTask(Adhoc)\330799(adhoc-poc-widget)\EmbededShell\EmbeddedbiShell\wwwroot\images\application\user1-128x128.jpg'
info: Microsoft.AspNetCore.Hosting.Diagnostics[1]
      Request starting HTTP/2 GET https://localhost:44390/js/application/summernote-bs4.js.map - -
info: Microsoft.AspNetCore.StaticFiles.StaticFileMiddleware[2]
      Sending file. Request path: '/images/application/profile.png'. Physical path: 'D:\SprintTask(Adhoc)\330799(adhoc-poc-widget)\EmbededShell\EmbeddedbiShell\wwwroot\images\application\profile.png'
info: Microsoft.AspNetCore.Hosting.Diagnostics[2]
      Request finished HTTP/2 GET https://localhost:44390/images/application/user1-128x128.jpg - - - 200 35858 image/jpeg 31.7784ms
info: Microsoft.AspNetCore.StaticFiles.StaticFileMiddleware[2]
      Sending file. Request path: '/images/application/user3-128x128.jpg'. Physical path: 'D:\SprintTask(Adhoc)\330799(adhoc-poc-widget)\EmbededShell\EmbeddedbiShell\wwwroot\images\application\user3-128x128.jpg'
info: Microsoft.AspNetCore.Hosting.Diagnostics[2]
      Request finished HTTP/2 GET https://localhost:44390/images/application/main_logo.svg - - - 200 19500 image/svg+xml 35.4618ms
info: Microsoft.AspNetCore.Hosting.Diagnostics[2]
      Request finished HTTP/2 GET https://localhost:44390/images/application/profile.png - - - 200 55088 image/png 42.5550ms
info: Microsoft.AspNetCore.Hosting.Diagnostics[2]
      Request finished HTTP/2 GET https://localhost:44390/images/application/user3-128x128.jpg - - - 200 39632 image/jpeg 42.6979ms
info: Microsoft.AspNetCore.StaticFiles.StaticFileMiddleware[2]
      Sending file. Request path: '/images/application/user8-128x128.jpg'. Physical path: 'D:\SprintTask(Adhoc)\330799(adhoc-poc-widget)\EmbededShell\EmbeddedbiShell\wwwroot\images\application\user8-128x128.jpg'
info: Microsoft.AspNetCore.Hosting.Diagnostics[2]
      Request finished HTTP/2 GET https://localhost:44390/js/application/summernote-bs4.js.map - - - 404 - - 22.6204ms
info: Microsoft.AspNetCore.Hosting.Diagnostics[2]
      Request finished HTTP/2 GET https://localhost:44390/images/application/user8-128x128.jpg - - - 200 35858 image/jpeg 51.9416ms
info: Microsoft.AspNetCore.Hosting.Diagnostics[2]
      Request finished HTTP/2 GET https://localhost:44390/_vs/browserLink - - - 200 - text/javascript;+charset=UTF-8 60.3895ms
info: Microsoft.AspNetCore.Hosting.Diagnostics[1]
      Request starting HTTP/2 GET https://localhost:44390/css/webfonts/fa-regular-400.woff2 - -
info: Microsoft.AspNetCore.Hosting.Diagnostics[1]
      Request starting HTTP/2 GET https://localhost:44390/css/webfonts/fa-solid-900.woff2 - -
info: Microsoft.AspNetCore.StaticFiles.StaticFileMiddleware[2]
      Sending file. Request path: '/css/webfonts/fa-regular-400.woff2'. Physical path: 'D:\SprintTask(Adhoc)\330799(adhoc-poc-widget)\EmbededShell\EmbeddedbiShell\wwwroot\css\webfonts\fa-regular-400.woff2'
info: Microsoft.AspNetCore.Hosting.Diagnostics[2]
      Request finished HTTP/2 GET https://localhost:44390/css/webfonts/fa-regular-400.woff2 - - - 200 13584 font/woff2 34.5548ms
info: Microsoft.AspNetCore.StaticFiles.StaticFileMiddleware[2]
      Sending file. Request path: '/css/webfonts/fa-solid-900.woff2'. Physical path: 'D:\SprintTask(Adhoc)\330799(adhoc-poc-widget)\EmbededShell\EmbeddedbiShell\wwwroot\css\webfonts\fa-solid-900.woff2'
info: Microsoft.AspNetCore.Hosting.Diagnostics[2]
      Request finished HTTP/2 GET https://localhost:44390/css/webfonts/fa-solid-900.woff2 - - - 200 79444 font/woff2 597.2271ms
info: Microsoft.AspNetCore.Hosting.Diagnostics[1]
      Request starting HTTP/2 POST https://localhost:44390/GetDetails application/json 301
info: Microsoft.AspNetCore.Mvc.Infrastructure.ControllerActionInvoker[3]
      Route matched with {action = "GetDetails", controller = "Home"}. Executing controller action with signature System.String GetDetails(System.Object) on controller SampleCoreApp.Controllers.HomeController (SampleCoreApp).
info: Microsoft.AspNetCore.Mvc.Infrastructure.ObjectResultExecutor[1]
      Executing ObjectResult, writing value of type 'System.String'.
info: Microsoft.AspNetCore.Mvc.Infrastructure.ControllerActionInvoker[2]
      Executed action SampleCoreApp.Controllers.HomeController.GetDetails (SampleCoreApp) in 109.1369ms
info: Microsoft.AspNetCore.Hosting.Diagnostics[2]
      Request finished HTTP/2 POST https://localhost:44390/GetDetails application/json 301 - 200 - text/plain;+charset=utf-8 121.1142ms
info: Microsoft.AspNetCore.Hosting.Diagnostics[1]
      Request starting HTTP/2 GET https://localhost:44390/favicon.ico - -
info: Microsoft.AspNetCore.StaticFiles.StaticFileMiddleware[2]
      Sending file. Request path: '/favicon.ico'. Physical path: 'D:\SprintTask(Adhoc)\330799(adhoc-poc-widget)\EmbededShell\EmbeddedbiShell\wwwroot\favicon.ico'
info: Microsoft.AspNetCore.Hosting.Diagnostics[2]
      Request finished HTTP/2 GET https://localhost:44390/favicon.ico - - - 200 107547 image/x-icon 28.6052ms
info: Microsoft.AspNetCore.Hosting.Diagnostics[1]
      Request starting HTTP/2 POST https://localhost:44390/userdb-permission application/x-www-form-urlencoded;+charset=UTF-8 52
info: Microsoft.AspNetCore.Mvc.Infrastructure.ControllerActionInvoker[3]
      Route matched with {action = "DBPermission", controller = "Home"}. Executing controller action with signature System.String DBPermission(Boolean, System.String, System.String) on controller SampleCoreApp.Controllers.HomeController (SampleCoreApp).
info: Microsoft.AspNetCore.Mvc.Infrastructure.ObjectResultExecutor[1]
      Executing ObjectResult, writing value of type 'System.String'.
info: Microsoft.AspNetCore.Mvc.Infrastructure.ControllerActionInvoker[2]
      Executed action SampleCoreApp.Controllers.HomeController.DBPermission (SampleCoreApp) in 94551.4811ms
info: Microsoft.AspNetCore.Hosting.Diagnostics[2]
      Request finished HTTP/2 POST https://localhost:44390/userdb-permission application/x-www-form-urlencoded;+charset=UTF-8 52 - 200 - text/plain;+charset=utf-8 94559.7232ms
info: Microsoft.AspNetCore.Hosting.Diagnostics[1]
      Request starting HTTP/2 GET https://localhost:44390/js/application/summernote-bs4.js.map - -
info: Microsoft.AspNetCore.Hosting.Diagnostics[2]
      Request finished HTTP/2 GET https://localhost:44390/js/application/summernote-bs4.js.map - - - 404 - - 3.8340ms
info: Microsoft.AspNetCore.Hosting.Diagnostics[1]
      Request starting HTTP/2 POST https://localhost:44390/userdb-permission application/x-www-form-urlencoded;+charset=UTF-8 51
info: Microsoft.AspNetCore.Mvc.Infrastructure.ControllerActionInvoker[3]
      Route matched with {action = "DBPermission", controller = "Home"}. Executing controller action with signature System.String DBPermission(Boolean, System.String, System.String) on controller SampleCoreApp.Controllers.HomeController (SampleCoreApp).
info: Microsoft.AspNetCore.Mvc.Infrastructure.ObjectResultExecutor[1]
      Executing ObjectResult, writing value of type 'System.String'.
info: Microsoft.AspNetCore.Mvc.Infrastructure.ControllerActionInvoker[2]
      Executed action SampleCoreApp.Controllers.HomeController.DBPermission (SampleCoreApp) in 246813.4953ms
info: Microsoft.AspNetCore.Hosting.Diagnostics[2]
      Request finished HTTP/2 POST https://localhost:44390/userdb-permission application/x-www-form-urlencoded;+charset=UTF-8 51 - 200 - text/plain;+charset=utf-8 246820.1898ms
info: Microsoft.AspNetCore.Hosting.Diagnostics[1]
      Request starting HTTP/2 GET https://localhost:44390/ - -
info: Microsoft.AspNetCore.Mvc.Infrastructure.ControllerActionInvoker[3]
      Route matched with {action = "Index", controller = "Home"}. Executing controller action with signature Microsoft.AspNetCore.Mvc.IActionResult Index(System.String, System.String, Int32, System.String, Boolean, System.String) on controller SampleCoreApp.Controllers.HomeController (SampleCoreApp).
info: Microsoft.AspNetCore.Mvc.ViewFeatures.ViewResultExecutor[1]
      Executing ViewResult, running view Index.
info: Microsoft.AspNetCore.Mvc.ViewFeatures.ViewResultExecutor[4]
      Executed ViewResult - view Index executed in 592.6532ms.
info: Microsoft.AspNetCore.Mvc.Infrastructure.ControllerActionInvoker[2]
      Executed action SampleCoreApp.Controllers.HomeController.Index (SampleCoreApp) in 10959.7188ms
info: Microsoft.AspNetCore.Hosting.Diagnostics[2]
      Request finished HTTP/2 GET https://localhost:44390/ - - - 200 - text/html;+charset=utf-8 10972.8978ms
info: Microsoft.AspNetCore.Hosting.Diagnostics[1]
      Request starting HTTP/2 GET https://localhost:44390/_framework/aspnetcore-browser-refresh.js - -
info: Microsoft.AspNetCore.Hosting.Diagnostics[1]
      Request starting HTTP/2 GET https://localhost:44390/js/Index.js - -
info: Microsoft.AspNetCore.Hosting.Diagnostics[2]
      Request finished HTTP/2 GET https://localhost:44390/_framework/aspnetcore-browser-refresh.js - - - 200 12358 application/javascript;+charset=utf-8 4.4272ms
info: Microsoft.AspNetCore.StaticFiles.StaticFileMiddleware[6]
      The file /js/Index.js was not modified
info: Microsoft.AspNetCore.Hosting.Diagnostics[2]
      Request finished HTTP/2 GET https://localhost:44390/js/Index.js - - - 304 - application/javascript 15.0702ms
info: Microsoft.AspNetCore.Hosting.Diagnostics[1]
      Request starting HTTP/1.1 GET https://localhost:44390/js/bootstrap/bootstrap.bundle.js.map - -
info: Microsoft.AspNetCore.StaticFiles.StaticFileMiddleware[2]
      Sending file. Request path: '/js/bootstrap/bootstrap.bundle.js.map'. Physical path: 'D:\SprintTask(Adhoc)\330799(adhoc-poc-widget)\EmbededShell\EmbeddedbiShell\wwwroot\js\bootstrap\bootstrap.bundle.js.map'
info: Microsoft.AspNetCore.Hosting.Diagnostics[2]
      Request finished HTTP/1.1 GET https://localhost:44390/js/bootstrap/bootstrap.bundle.js.map - - - 200 410007 text/plain 26.1819ms
info: Microsoft.AspNetCore.Hosting.Diagnostics[1]
      Request starting HTTP/1.1 GET https://localhost:44390/js/application/summernote-bs4.js.map - -
info: Microsoft.AspNetCore.Hosting.Diagnostics[2]
      Request finished HTTP/1.1 GET https://localhost:44390/js/application/summernote-bs4.js.map - - - 404 - - 1.8452ms
info: Microsoft.AspNetCore.Hosting.Diagnostics[1]
      Request starting HTTP/1.1 GET https://localhost:44390/js/application/summernote-bs4.js.map - -
info: Microsoft.AspNetCore.Hosting.Diagnostics[2]
      Request finished HTTP/1.1 GET https://localhost:44390/js/application/summernote-bs4.js.map - - - 404 - - 2.0284ms
info: Microsoft.AspNetCore.Hosting.Diagnostics[1]
      Request starting HTTP/1.1 GET https://localhost:44390/js/application/adminlte.js.map - -
info: Microsoft.AspNetCore.StaticFiles.StaticFileMiddleware[2]
      Sending file. Request path: '/js/application/adminlte.js.map'. Physical path: 'D:\SprintTask(Adhoc)\330799(adhoc-poc-widget)\EmbededShell\EmbeddedbiShell\wwwroot\js\application\adminlte.js.map'
info: Microsoft.AspNetCore.Hosting.Diagnostics[2]
      Request finished HTTP/1.1 GET https://localhost:44390/js/application/adminlte.js.map - - - 200 113276 text/plain 14.3274ms
info: Microsoft.AspNetCore.Hosting.Diagnostics[1]
      Request starting HTTP/2 GET https://localhost:44390/_vs/browserLink - -
info: Microsoft.AspNetCore.Hosting.Diagnostics[2]
      Request finished HTTP/2 GET https://localhost:44390/_vs/browserLink - - - 200 - text/javascript;+charset=UTF-8 7.6650ms
info: Microsoft.AspNetCore.Hosting.Diagnostics[1]
      Request starting HTTP/2 POST https://localhost:44390/GetDetails application/json 301
info: Microsoft.AspNetCore.Mvc.Infrastructure.ControllerActionInvoker[3]
      Route matched with {action = "GetDetails", controller = "Home"}. Executing controller action with signature System.String GetDetails(System.Object) on controller SampleCoreApp.Controllers.HomeController (SampleCoreApp).
info: Microsoft.AspNetCore.Mvc.Infrastructure.ObjectResultExecutor[1]
      Executing ObjectResult, writing value of type 'System.String'.
info: Microsoft.AspNetCore.Mvc.Infrastructure.ControllerActionInvoker[2]
      Executed action SampleCoreApp.Controllers.HomeController.GetDetails (SampleCoreApp) in 104.0493ms
info: Microsoft.AspNetCore.Hosting.Diagnostics[2]
      Request finished HTTP/2 POST https://localhost:44390/GetDetails application/json 301 - 200 - text/plain;+charset=utf-8 109.7743ms
info: Microsoft.AspNetCore.Hosting.Diagnostics[1]
      Request starting HTTP/2 POST https://localhost:44390/userdb-permission application/x-www-form-urlencoded;+charset=UTF-8 52
info: Microsoft.AspNetCore.Mvc.Infrastructure.ControllerActionInvoker[3]
      Route matched with {action = "DBPermission", controller = "Home"}. Executing controller action with signature System.String DBPermission(Boolean, System.String, System.String) on controller SampleCoreApp.Controllers.HomeController (SampleCoreApp).
info: Microsoft.AspNetCore.Mvc.Infrastructure.ObjectResultExecutor[1]
      Executing ObjectResult, writing value of type 'System.String'.
info: Microsoft.AspNetCore.Mvc.Infrastructure.ControllerActionInvoker[2]
      Executed action SampleCoreApp.Controllers.HomeController.DBPermission (SampleCoreApp) in 447206.6421ms
info: Microsoft.AspNetCore.Hosting.Diagnostics[2]
      Request finished HTTP/2 POST https://localhost:44390/userdb-permission application/x-www-form-urlencoded;+charset=UTF-8 52 - 200 - text/plain;+charset=utf-8 447214.1924ms
info: Microsoft.AspNetCore.Hosting.Diagnostics[1]
      Request starting HTTP/2 GET https://localhost:44390/ - -
info: Microsoft.AspNetCore.Mvc.Infrastructure.ControllerActionInvoker[3]
      Route matched with {action = "Index", controller = "Home"}. Executing controller action with signature Microsoft.AspNetCore.Mvc.IActionResult Index(System.String, System.String, Int32, System.String, Boolean, System.String) on controller SampleCoreApp.Controllers.HomeController (SampleCoreApp).
info: Microsoft.AspNetCore.Mvc.ViewFeatures.ViewResultExecutor[1]
      Executing ViewResult, running view Index.
info: Microsoft.AspNetCore.Mvc.ViewFeatures.ViewResultExecutor[4]
      Executed ViewResult - view Index executed in 1891.8553ms.
info: Microsoft.AspNetCore.Mvc.Infrastructure.ControllerActionInvoker[2]
      Executed action SampleCoreApp.Controllers.HomeController.Index (SampleCoreApp) in 49926.9951ms
info: Microsoft.AspNetCore.Hosting.Diagnostics[2]
      Request finished HTTP/2 GET https://localhost:44390/ - - - 200 - text/html;+charset=utf-8 49941.0802ms
info: Microsoft.AspNetCore.Hosting.Diagnostics[1]
      Request starting HTTP/2 GET https://localhost:44390/js/Index.js - -
info: Microsoft.AspNetCore.Hosting.Diagnostics[1]
      Request starting HTTP/2 GET https://localhost:44390/_framework/aspnetcore-browser-refresh.js - -
info: Microsoft.AspNetCore.StaticFiles.StaticFileMiddleware[6]
      The file /js/Index.js was not modified
info: Microsoft.AspNetCore.Hosting.Diagnostics[2]
      Request finished HTTP/2 GET https://localhost:44390/js/Index.js - - - 304 - application/javascript 8.0714ms
info: Microsoft.AspNetCore.Hosting.Diagnostics[2]
      Request finished HTTP/2 GET https://localhost:44390/_framework/aspnetcore-browser-refresh.js - - - 200 12358 application/javascript;+charset=utf-8 10.2179ms
info: Microsoft.AspNetCore.Hosting.Diagnostics[1]
      Request starting HTTP/1.1 GET https://localhost:44390/js/bootstrap/bootstrap.bundle.js.map - -
info: Microsoft.AspNetCore.StaticFiles.StaticFileMiddleware[2]
      Sending file. Request path: '/js/bootstrap/bootstrap.bundle.js.map'. Physical path: 'D:\SprintTask(Adhoc)\330799(adhoc-poc-widget)\EmbededShell\EmbeddedbiShell\wwwroot\js\bootstrap\bootstrap.bundle.js.map'
info: Microsoft.AspNetCore.Hosting.Diagnostics[2]
      Request finished HTTP/1.1 GET https://localhost:44390/js/bootstrap/bootstrap.bundle.js.map - - - 200 410007 text/plain 22.8292ms
info: Microsoft.AspNetCore.Hosting.Diagnostics[1]
      Request starting HTTP/1.1 GET https://localhost:44390/js/application/summernote-bs4.js.map - -
info: Microsoft.AspNetCore.Hosting.Diagnostics[2]
      Request finished HTTP/1.1 GET https://localhost:44390/js/application/summernote-bs4.js.map - - - 404 - - 4.1069ms
info: Microsoft.AspNetCore.Hosting.Diagnostics[1]
      Request starting HTTP/1.1 GET https://localhost:44390/js/application/summernote-bs4.js.map - -
info: Microsoft.AspNetCore.Hosting.Diagnostics[2]
      Request finished HTTP/1.1 GET https://localhost:44390/js/application/summernote-bs4.js.map - - - 404 - - 1.7643ms
info: Microsoft.AspNetCore.Hosting.Diagnostics[1]
      Request starting HTTP/1.1 GET https://localhost:44390/js/application/adminlte.js.map - -
info: Microsoft.AspNetCore.StaticFiles.StaticFileMiddleware[2]
      Sending file. Request path: '/js/application/adminlte.js.map'. Physical path: 'D:\SprintTask(Adhoc)\330799(adhoc-poc-widget)\EmbededShell\EmbeddedbiShell\wwwroot\js\application\adminlte.js.map'
info: Microsoft.AspNetCore.Hosting.Diagnostics[2]
      Request finished HTTP/1.1 GET https://localhost:44390/js/application/adminlte.js.map - - - 200 113276 text/plain 13.3717ms
info: Microsoft.AspNetCore.Hosting.Diagnostics[1]
      Request starting HTTP/2 GET https://localhost:44390/_vs/browserLink - -
info: Microsoft.AspNetCore.Hosting.Diagnostics[2]
      Request finished HTTP/2 GET https://localhost:44390/_vs/browserLink - - - 200 - text/javascript;+charset=UTF-8 7.9267ms
info: Microsoft.AspNetCore.Hosting.Diagnostics[1]
      Request starting HTTP/2 POST https://localhost:44390/GetDetails application/json 301
info: Microsoft.AspNetCore.Mvc.Infrastructure.ControllerActionInvoker[3]
      Route matched with {action = "GetDetails", controller = "Home"}. Executing controller action with signature System.String GetDetails(System.Object) on controller SampleCoreApp.Controllers.HomeController (SampleCoreApp).
info: Microsoft.AspNetCore.Mvc.Infrastructure.ObjectResultExecutor[1]
      Executing ObjectResult, writing value of type 'System.String'.
info: Microsoft.AspNetCore.Mvc.Infrastructure.ControllerActionInvoker[2]
      Executed action SampleCoreApp.Controllers.HomeController.GetDetails (SampleCoreApp) in 125.6752ms
info: Microsoft.AspNetCore.Hosting.Diagnostics[2]
      Request finished HTTP/2 POST https://localhost:44390/GetDetails application/json 301 - 200 - text/plain;+charset=utf-8 132.8550ms
info: Microsoft.AspNetCore.Hosting.Diagnostics[1]
      Request starting HTTP/2 GET https://localhost:44390/js/application/summernote-bs4.js.map - -
info: Microsoft.AspNetCore.Hosting.Diagnostics[2]
      Request finished HTTP/2 GET https://localhost:44390/js/application/summernote-bs4.js.map - - - 404 - - 6.7163ms
info: Microsoft.AspNetCore.Hosting.Diagnostics[1]
      Request starting HTTP/2 POST https://localhost:44390/userdb-permission application/x-www-form-urlencoded;+charset=UTF-8 51
info: Microsoft.AspNetCore.Mvc.Infrastructure.ControllerActionInvoker[3]
      Route matched with {action = "DBPermission", controller = "Home"}. Executing controller action with signature System.String DBPermission(Boolean, System.String, System.String) on controller SampleCoreApp.Controllers.HomeController (SampleCoreApp).
info: Microsoft.AspNetCore.Mvc.Infrastructure.ObjectResultExecutor[1]
      Executing ObjectResult, writing value of type 'System.String'.
info: Microsoft.AspNetCore.Mvc.Infrastructure.ControllerActionInvoker[2]
      Executed action SampleCoreApp.Controllers.HomeController.DBPermission (SampleCoreApp) in 10531.7148ms
info: Microsoft.AspNetCore.Hosting.Diagnostics[2]
      Request finished HTTP/2 POST https://localhost:44390/userdb-permission application/x-www-form-urlencoded;+charset=UTF-8 51 - 200 - text/plain;+charset=utf-8 10542.5826ms
info: Microsoft.AspNetCore.Hosting.Diagnostics[1]
      Request starting HTTP/2 GET https://localhost:44390/ - -
info: Microsoft.AspNetCore.Mvc.Infrastructure.ControllerActionInvoker[3]
      Route matched with {action = "Index", controller = "Home"}. Executing controller action with signature Microsoft.AspNetCore.Mvc.IActionResult Index(System.String, System.String, Int32, System.String, Boolean, System.String) on controller SampleCoreApp.Controllers.HomeController (SampleCoreApp).
info: Microsoft.AspNetCore.Mvc.ViewFeatures.ViewResultExecutor[1]
      Executing ViewResult, running view Index.
info: Microsoft.AspNetCore.Mvc.ViewFeatures.ViewResultExecutor[4]
      Executed ViewResult - view Index executed in 2147.1585ms.
info: Microsoft.AspNetCore.Mvc.Infrastructure.ControllerActionInvoker[2]
      Executed action SampleCoreApp.Controllers.HomeController.Index (SampleCoreApp) in 16407.1298ms
info: Microsoft.AspNetCore.Hosting.Diagnostics[2]
      Request finished HTTP/2 GET https://localhost:44390/ - - - 200 - text/html;+charset=utf-8 16425.9288ms
info: Microsoft.AspNetCore.Hosting.Diagnostics[1]
      Request starting HTTP/2 