info: Microsoft.AspNetCore.DataProtection.KeyManagement.XmlKeyManager[63]
      User profile is available. Using 'C:\Users\AnuAbarnaBalakrishna\AppData\Local\ASP.NET\DataProtection-Keys' as key repository and Windows DPAPI to encrypt keys at rest.
Hosting environment: Development
Content root path: D:\SprintTask(Adhoc)\330799(adhoc-poc-widget)\EmbededShell\EmbeddedbiShell
Now listening on: http://localhost:56325/
Now listening on: https://localhost:44390/
Application started. Press Ctrl+C to shut down.
info: Microsoft.AspNetCore.Hosting.Diagnostics[1]
      Request starting HTTP/2 GET https://localhost:44390/ - -
info: Microsoft.AspNetCore.Mvc.Infrastructure.ControllerActionInvoker[3]
      Route matched with {action = "Index", controller = "Home"}. Executing controller action with signature Microsoft.AspNetCore.Mvc.IActionResult Index(System.String, System.String, Int32, System.String, Boolean, System.String) on controller SampleCoreApp.Controllers.HomeController (SampleCoreApp).
info: Microsoft.AspNetCore.Mvc.ViewFeatures.ViewResultExecutor[1]
      Executing ViewResult, running view Index.
info: Microsoft.AspNetCore.Mvc.ViewFeatures.ViewResultExecutor[4]
      Executed ViewResult - view Index executed in 25202.4927ms.
info: Microsoft.AspNetCore.Mvc.Infrastructure.ControllerActionInvoker[2]
      Executed action SampleCoreApp.Controllers.HomeController.Index (SampleCoreApp) in 26871.5307ms
info: Microsoft.AspNetCore.Hosting.Diagnostics[2]
      Request finished HTTP/2 GET https://localhost:44390/ - - - 200 - text/html;+charset=utf-8 27099.1540ms
info: Microsoft.AspNetCore.Hosting.Diagnostics[1]
      Request starting HTTP/2 GET https://localhost:44390/_framework/aspnetcore-browser-refresh.js - -
info: Microsoft.AspNetCore.Hosting.Diagnostics[1]
      Request starting HTTP/2 GET https://localhost:44390/js/Index.js - -
info: Microsoft.AspNetCore.Hosting.Diagnostics[2]
      Request finished HTTP/2 GET https://localhost:44390/_framework/aspnetcore-browser-refresh.js - - - 200 12358 application/javascript;+charset=utf-8 13.3613ms
info: Microsoft.AspNetCore.Hosting.Diagnostics[1]
      Request starting HTTP/1.1 GET https://localhost:44390/js/bootstrap/bootstrap.bundle.js.map - -
info: Microsoft.AspNetCore.StaticFiles.StaticFileMiddleware[2]
      Sending file. Request path: '/js/bootstrap/bootstrap.bundle.js.map'. Physical path: 'D:\SprintTask(Adhoc)\330799(adhoc-poc-widget)\EmbededShell\EmbeddedbiShell\wwwroot\js\bootstrap\bootstrap.bundle.js.map'
info: Microsoft.AspNetCore.StaticFiles.StaticFileMiddleware[2]
      Sending file. Request path: '/js/Index.js'. Physical path: 'D:\SprintTask(Adhoc)\330799(adhoc-poc-widget)\EmbededShell\EmbeddedbiShell\wwwroot\js\Index.js'
info: Microsoft.AspNetCore.Hosting.Diagnostics[2]
      Request finished HTTP/2 GET https://localhost:44390/js/Index.js - - - 200 18063 application/javascript 109.9279ms
info: Microsoft.AspNetCore.Hosting.Diagnostics[2]
      Request finished HTTP/1.1 GET https://localhost:44390/js/bootstrap/bootstrap.bundle.js.map - - - 200 410007 text/plain 63.8853ms
info: Microsoft.AspNetCore.Hosting.Diagnostics[1]
      Request starting HTTP/1.1 GET https://localhost:44390/js/application/summernote-bs4.js.map - -
info: Microsoft.AspNetCore.Hosting.Diagnostics[2]
      Request finished HTTP/1.1 GET https://localhost:44390/js/application/summernote-bs4.js.map - - - 404 - - 3.6829ms
info: Microsoft.AspNetCore.Hosting.Diagnostics[1]
      Request starting HTTP/1.1 GET https://localhost:44390/js/application/adminlte.js.map - -
info: Microsoft.AspNetCore.StaticFiles.StaticFileMiddleware[2]
      Sending file. Request path: '/js/application/adminlte.js.map'. Physical path: 'D:\SprintTask(Adhoc)\330799(adhoc-poc-widget)\EmbededShell\EmbeddedbiShell\wwwroot\js\application\adminlte.js.map'
info: Microsoft.AspNetCore.Hosting.Diagnostics[2]
      Request finished HTTP/1.1 GET https://localhost:44390/js/application/adminlte.js.map - - - 200 113276 text/plain 20.1694ms
info: Microsoft.AspNetCore.Hosting.Diagnostics[1]
      Request starting HTTP/2 GET https://localhost:44390/_vs/browserLink - -
info: Microsoft.AspNetCore.Hosting.Diagnostics[1]
      Request starting HTTP/1.1 GET https://localhost:44390/js/application/summernote-bs4.js.map - -
info: Microsoft.AspNetCore.Hosting.Diagnostics[2]
      Request finished HTTP/1.1 GET https://localhost:44390/js/application/summernote-bs4.js.map - - - 404 - - 4.3549ms
info: Microsoft.AspNetCore.Hosting.Diagnostics[2]
      Request finished HTTP/2 GET https://localhost:44390/_vs/browserLink - - - 200 - text/javascript;+charset=UTF-8 35.7796ms
info: Microsoft.AspNetCore.Hosting.Diagnostics[1]
      Request starting HTTP/2 GET https://localhost:44390/js/application/summernote-bs4.js.map - -
info: Microsoft.AspNetCore.Hosting.Diagnostics[2]
      Request finished HTTP/2 GET https://localhost:44390/js/application/summernote-bs4.js.map - - - 404 - - 2.5296ms
info: Microsoft.AspNetCore.Hosting.Diagnostics[1]
      Request starting HTTP/2 GET https://localhost:44390/dashboard-designer?id=94f2f224-c052-4b6b-8bae-e26c440a34c3&name=tf - -
info: Microsoft.AspNetCore.Mvc.Infrastructure.ControllerActionInvoker[3]
      Route matched with {action = "Index", controller = "Designer"}. Executing controller action with signature Microsoft.AspNetCore.Mvc.IActionResult Index(System.String, System.String, System.String) on controller SampleCoreApp.Controllers.DesignerController (SampleCoreApp).
info: Microsoft.AspNetCore.Mvc.ViewFeatures.ViewResultExecutor[1]
      Executing ViewResult, running view Index.
info: Microsoft.AspNetCore.Mvc.ViewFeatures.ViewResultExecutor[4]
      Executed ViewResult - view Index executed in 1143.0428ms.
info: Microsoft.AspNetCore.Mvc.Infrastructure.ControllerActionInvoker[2]
      Executed action SampleCoreApp.Controllers.DesignerController.Index (SampleCoreApp) in 1912.5304ms
info: Microsoft.AspNetCore.Hosting.Diagnostics[2]
      Request finished HTTP/2 GET https://localhost:44390/dashboard-designer?id=94f2f224-c052-4b6b-8bae-e26c440a34c3&name=tf - - - 200 - text/html;+charset=utf-8 1940.3238ms
info: Microsoft.AspNetCore.Hosting.Diagnostics[1]
      Request starting HTTP/2 GET https://localhost:44390/_framework/aspnetcore-browser-refresh.js - -
info: Microsoft.AspNetCore.Hosting.Diagnostics[2]
      Request finished HTTP/2 GET https://localhost:44390/_framework/aspnetcore-browser-refresh.js - - - 200 12358 application/javascript;+charset=utf-8 2.2157ms
info: Microsoft.AspNetCore.Hosting.Diagnostics[1]
      Request starting HTTP/2 GET https://localhost:44390/js/Index.js - -
info: Microsoft.AspNetCore.StaticFiles.StaticFileMiddleware[6]
      The file /js/Index.js was not modified
info: Microsoft.AspNetCore.Hosting.Diagnostics[2]
      Request finished HTTP/2 GET https://localhost:44390/js/Index.js - - - 304 - application/javascript 4.5392ms
info: Microsoft.AspNetCore.Hosting.Diagnostics[1]
      Request starting HTTP/1.1 GET https://localhost:44390/js/bootstrap/bootstrap.bundle.js.map - -
info: Microsoft.AspNetCore.StaticFiles.StaticFileMiddleware[2]
      Sending file. Request path: '/js/bootstrap/bootstrap.bundle.js.map'. Physical path: 'D:\SprintTask(Adhoc)\330799(adhoc-poc-widget)\EmbededShell\EmbeddedbiShell\wwwroot\js\bootstrap\bootstrap.bundle.js.map'
info: Microsoft.AspNetCore.Hosting.Diagnostics[2]
      Request finished HTTP/1.1 GET https://localhost:44390/js/bootstrap/bootstrap.bundle.js.map - - - 200 410007 text/plain 15.6473ms
info: Microsoft.AspNetCore.Hosting.Diagnostics[1]
      Request starting HTTP/1.1 GET https://localhost:44390/js/application/summernote-bs4.js.map - -
info: Microsoft.AspNetCore.Hosting.Diagnostics[2]
      Request finished HTTP/1.1 GET https://localhost:44390/js/application/summernote-bs4.js.map - - - 404 - - 2.9552ms
info: Microsoft.AspNetCore.Hosting.Diagnostics[1]
      Request starting HTTP/1.1 GET https://localhost:44390/js/application/summernote-bs4.js.map - -
info: Microsoft.AspNetCore.Hosting.Diagnostics[2]
      Request finished HTTP/1.1 GET https://localhost:44390/js/application/summernote-bs4.js.map - - - 404 - - 3.8069ms
info: Microsoft.AspNetCore.Hosting.Diagnostics[1]
      Request starting HTTP/1.1