info: Microsoft.AspNetCore.DataProtection.KeyManagement.XmlKeyManager[63]
      User profile is available. Using 'C:\Users\AnuAbarnaBalakrishna\AppData\Local\ASP.NET\DataProtection-Keys' as key repository and Windows DPAPI to encrypt keys at rest.
Hosting environment: Development
Content root path: D:\SprintTask(Adhoc)\330799(adhoc-poc-widget)\EmbededShell\EmbeddedbiShell
Now listening on: http://localhost:56325/
Now listening on: https://localhost:44390/
Application started. Press Ctrl+C to shut down.
info: Microsoft.AspNetCore.Hosting.Diagnostics[1]
      Request starting HTTP/2 GET https://localhost:44390/ - -
info: Microsoft.AspNetCore.Mvc.Infrastructure.ControllerActionInvoker[3]
      Route matched with {action = "Index", controller = "Home"}. Executing controller action with signature Microsoft.AspNetCore.Mvc.IActionResult Index(System.String, System.String, Int32, System.String, Boolean, System.String) on controller SampleCoreApp.Controllers.HomeController (SampleCoreApp).
info: Microsoft.AspNetCore.Mvc.ViewFeatures.ViewResultExecutor[1]
      Executing ViewResult, running view Index.
info: Microsoft.AspNetCore.Mvc.ViewFeatures.ViewResultExecutor[4]
      Executed ViewResult - view Index executed in 5981.0465ms.
info: Microsoft.AspNetCore.Mvc.Infrastructure.ControllerActionInvoker[2]
      Executed action SampleCoreApp.Controllers.HomeController.Index (SampleCoreApp) in 6929.0783ms
info: Microsoft.AspNetCore.Hosting.Diagnostics[2]
      Request finished HTTP/2 GET https://localhost:44390/ - - - 200 - text/html;+charset=utf-8 7165.1336ms
info: Microsoft.AspNetCore.Hosting.Diagnostics[1]
      Request starting HTTP/2 GET https://localhost:44390/_framework/aspnetcore-browser-refresh.js - -
info: Microsoft.AspNetCore.Hosting.Diagnostics[2]
      Request finished HTTP/2 GET https://localhost:44390/_framework/aspnetcore-browser-refresh.js - - - 200 12358 application/javascript;+charset=utf-8 11.2487ms
info: Microsoft.AspNetCore.Hosting.Diagnostics[1]
      Request starting HTTP/2 GET https://localhost:44390/_vs/browserLink - -
info: Microsoft.AspNetCore.Hosting.Diagnostics[2]
      Request finished HTTP/2 GET https://localhost:44390/_vs/browserLink - - - 200 - text/javascript;+charset=UTF-8 36.0445ms
info: Microsoft.AspNetCore.Hosting.Diagnostics[1]
      Request starting HTTP/1.1 GET https://localhost:44390/js/bootstrap/bootstrap.bundle.js.map - -
info: Microsoft.AspNetCore.Hosting.Diagnostics[1]
      Request starting HTTP/1.1 GET https://localhost:44390/js/application/adminlte.js.map - -
info: Microsoft.AspNetCore.Hosting.Diagnostics[1]
      Request starting HTTP/1.1 GET https://localhost:44390/js/application/summernote-bs4.js.map - -
info: Microsoft.AspNetCore.Hosting.Diagnostics[2]
      Request finished HTTP/1.1 GET https://localhost:44390/js/application/summernote-bs4.js.map - - - 404 - - 6.4910ms
info: Microsoft.AspNetCore.Hosting.Diagnostics[1]
      Request starting HTTP/1.1 GET https://localhost:44390/js/application/summernote-bs4.js.map - -
info: Microsoft.AspNetCore.Hosting.Diagnostics[2]
      Request finished HTTP/1.1 GET https://localhost:44390/js/application/summernote-bs4.js.map - - - 404 - - 4.2079ms
info: Microsoft.AspNetCore.StaticFiles.StaticFileMiddleware[2]
      Sending file. Request path: '/js/application/adminlte.js.map'. Physical path: 'D:\SprintTask(Adhoc)\330799(adhoc-poc-widget)\EmbededShell\EmbeddedbiShell\wwwroot\js\application\adminlte.js.map'
info: Microsoft.AspNetCore.StaticFiles.StaticFileMiddleware[2]
      Sending file. Request path: '/js/bootstrap/bootstrap.bundle.js.map'. Physical path: 'D:\SprintTask(Adhoc)\330799(adhoc-poc-widget)\EmbededShell\EmbeddedbiShell\wwwroot\js\bootstrap\bootstrap.bundle.js.map'
info: Microsoft.AspNetCore.Hosting.Diagnostics[2]
      Request finished HTTP/1.1 GET https://localhost:44390/js/application/adminlte.js.map - - - 200 113276 text/plain 89.5381ms
info: Microsoft.AspNetCore.Hosting.Diagnostics[2]
      Request finished HTTP/1.1 GET https://localhost:44390/js/bootstrap/bootstrap.bundle.js.map - - - 200 410007 text/plain 106.8924ms
info: Microsoft.AspNetCore.Hosting.Diagnostics[1]
      Request starting HTTP/2 POST https://localhost:44390/GetDetails application/json 301
info: Microsoft.AspNetCore.Mvc.Infrastructure.ControllerActionInvoker[3]
      Route matched with {action = "GetDetails", controller = "Home"}. Executing controller action with signature System.String GetDetails(System.Object) on controller SampleCoreApp.Controllers.HomeController (SampleCoreApp).
info: Microsoft.AspNetCore.Mvc.Infrastructure.ObjectResultExecutor[1]
      Executing ObjectResult, writing value of type 'System.String'.
info: Microsoft.AspNetCore.Mvc.Infrastructure.ControllerActionInvoker[2]
      Executed action SampleCoreApp.Controllers.HomeController.GetDetails (SampleCoreApp) in 188.7109ms
info: Microsoft.AspNetCore.Hosting.Diagnostics[2]
      Request finished HTTP/2 POST https://localhost:44390/GetDetails application/json 301 - 200 - text/plain;+charset=utf-8 212.0920ms
info: Microsoft.AspNetCore.Hosting.Diagnostics[1]
      Request starting HTTP/2 GET https://localhost:44390/ - -
info: Microsoft.AspNetCore.Mvc.Infrastructure.ControllerActionInvoker[3]
      Route matched with {action = "Index", controller = "Home"}. Executing controller action with signature Microsoft.AspNetCore.Mvc.IActionResult Index(System.String, System.String, Int32, System.String, Boolean, System.String) on controller SampleCoreApp.Controllers.HomeController (SampleCoreApp).
info: Microsoft.AspNetCore.Mvc.ViewFeatures.ViewResultExecutor[1]
      Executing ViewResult, running view Index.
info: Microsoft.AspNetCore.Mvc.ViewFeatures.ViewResultExecutor[4]
      Executed ViewResult - view Index executed in 15.4195ms.
info: Microsoft.AspNetCore.Mvc.Infrastructure.ControllerActionInvoker[2]
      Executed action SampleCoreApp.Controllers.HomeController.Index (SampleCoreApp) in 965.7527ms
info: Microsoft.AspNetCore.Hosting.Diagnostics[2]
      Request finished HTTP/2 GET https://localhost:44390/ - - - 200 - text/html;+charset=utf-8 981.1768ms
info: Microsoft.AspNetCore.Hosting.Diagnostics[1]
      Request starting HTTP/2 GET https://localhost:44390/_framework/aspnetcore-browser-refresh.js - -
info: Microsoft.AspNetCore.Hosting.Diagnostics[2]
      Request finished HTTP/2 GET https://localhost:44390/_framework/aspnetcore-browser-refresh.js - - - 200 12358 application/javascript;+charset=utf-8 2.0634ms
info: Microsoft.AspNetCore.Hosting.Diagnostics[1]
      Request starting HTTP/1.1 GET https://localhost:44390/js/bootstrap/bootstrap.bundle.js.map - -
info: Microsoft.AspNetCore.Hosting.Diagnostics[1]
      Request starting HTTP/1.1 GET https://localhost:44390/js/application/adminlte.js.map - -
info: Microsoft.AspNetCore.Hosting.Diagnostics[1]
      Request starting HTTP/1.1 GET https://localhost:44390/js/application/summernote-bs4.js.map - -
info: Microsoft.AspNetCore.Hosting.Diagnostics[2]
      Request finished HTTP/1.1 GET https://localhost:44390/js/application/summernote-bs4.js.map - - - 404 - - 6.7776ms
info: Microsoft.AspNetCore.StaticFiles.StaticFileMiddleware[2]
      Sending file. Request path: '/js/application/adminlte.js.map'. Physical path: 'D:\SprintTask(Adhoc)\330799(adhoc-poc-widget)\EmbededShell\EmbeddedbiShell\wwwroot\js\application\adminlte.js.map'
info: Microsoft.AspNetCore.Hosting.Diagnostics[1]
      Request starting HTTP/1.1 GET https://localhost:44390/js/application/summernote-bs4.js.map - -
info: Microsoft.AspNetCore.Hosting.Diagnostics[2]
      Request finished HTTP/1.1 GET https://localhost:44390/js/application/summernote-bs4.js.map - - - 404 - - 1.8277ms
info: Microsoft.AspNetCore.Hosting.Diagnostics[2]
      Request finished HTTP/1.1 GET https://localhost:44390/js/application/adminlte.js.map - - - 200 113276 text/plain 21.5765ms
info: Microsoft.AspNetCore.StaticFiles.StaticFileMiddleware[2]
      Sending file. Request path: '/js/bootstrap/bootstrap.bundle.js.map'. Physical path: 'D:\SprintTask(Adhoc)\330799(adhoc-poc-widget)\EmbededShell\EmbeddedbiShell\wwwroot\js\bootstrap\bootstrap.bundle.js.map'
info: Microsoft.AspNetCore.Hosting.Diagnostics[2]
      Request finished HTTP/1.1 GET ht